Log file open, 02/14/18 06:59:21
LogWindows: Failed to load 'aqProf.dll' (GetLastError=126)
LogWindows: File 'aqProf.dll' does not exist
LogWindows: Failed to load 'VSPerf140.dll' (GetLastError=126)
LogWindows: File 'VSPerf140.dll' does not exist
LogWindows: Failed to load 'VtuneApi.dll' (GetLastError=126)
LogWindows: File 'VtuneApi.dll' does not exist
LogWindows: Failed to load 'VtuneApi32e.dll' (GetLastError=126)
LogWindows: File 'VtuneApi32e.dll' does not exist
LogInit: Display: Running engine for game: Abeyance
LogPlatformFile: Not using cached read wrapper
LogInit: Display: RandInit(-738072803) SRandInit(-738072802).
LogInit: Read version file with build ID '3709383'
LogInit: Overriding engine version to CL 3794801, compatible CL 3709383
LogInit: Registered custom module enumerator with build ID '3709383'
LogTaskGraph: Started task graph with 5 named threads and 20 total threads with 3 sets of task threads.
LogStats: Stats thread started at 0.269941
LogD3D11RHI: Aftermath initialized
LogPluginManager: Mounting plugin Paper2D
LogPluginManager: Mounting plugin LightPropagationVolume
LogPluginManager: Mounting plugin CodeLiteSourceCodeAccess
LogPluginManager: Mounting plugin GitSourceControl
LogPluginManager: Mounting plugin KDevelopSourceCodeAccess
LogPluginManager: Mounting plugin NullSourceCodeAccess
LogPluginManager: Mounting plugin PerforceSourceControl
LogPluginManager: Mounting plugin SubversionSourceControl
LogPluginManager: Mounting plugin UObjectPlugin
LogPluginManager: Mounting plugin VisualStudioCodeSourceCodeAccess
LogPluginManager: Mounting plugin VisualStudioSourceCodeAccess
LogPluginManager: Mounting plugin XCodeSourceCodeAccess
LogPluginManager: Mounting plugin AssetManagerEditor
LogPluginManager: Mounting plugin AudioCapture
LogPluginManager: Mounting plugin FacialAnimation
LogPluginManager: Mounting plugin GameplayTagsEditor
LogPluginManager: Mounting plugin MobileLauncherProfileWizard
LogPluginManager: Mounting plugin PluginBrowser
LogPluginManager: Mounting plugin SpeedTreeImporter
LogPluginManager: Mounting plugin AlembicImporter
LogPluginManager: Mounting plugin CharacterAI
LogPluginManager: Mounting plugin HTML5Networking
LogPluginManager: Mounting plugin AndroidMedia
LogPluginManager: Mounting plugin AvfMedia
LogPluginManager: Mounting plugin ImgMedia
LogPluginManager: Mounting plugin MediaCompositing
LogPluginManager: Mounting plugin MediaPlayerEditor
LogPluginManager: Mounting plugin WmfMedia
LogPluginManager: Mounting plugin TcpMessaging
LogPluginManager: Mounting plugin UdpMessaging
LogPluginManager: Mounting plugin ActorSequence
LogPluginManager: Mounting plugin LevelSequenceEditor
LogPluginManager: Mounting plugin MatineeToLevelSequence
LogPluginManager: Mounting plugin OnlineSubsystemGooglePlay
LogPluginManager: Mounting plugin OnlineSubsystemIOS
LogPluginManager: Mounting plugin OnlineSubsystem
LogPluginManager: Mounting plugin OnlineSubsystemNull
LogPluginManager: Mounting plugin OnlineSubsystemUtils
LogPluginManager: Mounting plugin AndroidDeviceProfileSelector
LogPluginManager: Mounting plugin AndroidMoviePlayer
LogPluginManager: Mounting plugin AndroidPermission
LogPluginManager: Mounting plugin AppleARKit
LogPluginManager: Mounting plugin AppleMoviePlayer
LogPluginManager: Mounting plugin ArchVisCharacter
LogPluginManager: Mounting plugin CableComponent
LogPluginManager: Mounting plugin CustomMeshComponent
LogPluginManager: Mounting plugin ExampleDeviceProfileSelector
LogPluginManager: Mounting plugin GoogleCloudMessaging
LogPluginManager: Mounting plugin ImmediatePhysics
LogPluginManager: Mounting plugin IOSDeviceProfileSelector
LogPluginManager: Mounting plugin LinuxDeviceProfileSelector
LogPluginManager: Mounting plugin LocationServicesBPLibrary
LogPluginManager: Mounting plugin MobilePatchingUtils
LogPluginManager: Mounting plugin OculusVR
LogPluginManager: Plugin shader directory ../../../Engine/Plugins/Runtime/Oculus/OculusVR/Shaders found
LogPluginManager: Mapping shader source directory ../../../Engine/Plugins/Runtime/Oculus/OculusVR/Shaders to virtual directory /Plugin/OculusVR
LogPluginManager: Mounting plugin PhysXVehicles
LogPluginManager: Mounting plugin ProceduralMeshComponent
LogPluginManager: Mounting plugin RuntimePhysXCooking
LogPluginManager: Mounting plugin SteamVR
LogPluginManager: Mounting plugin WindowsMoviePlayer
LogModuleManager: Display: Found up-to-date module file D:/ZackShortt/Abeyance/Binaries/Win64/UE4Editor-Abeyance.dll (API version 3709383).
LogModuleManager: Display: Found up-to-date module file ../../../Engine/Plugins/2D/Paper2D/Binaries/Win64/UE4Editor-Paper2D.dll (API version 3709383).
LogModuleManager: Display: Found up-to-date module file ../../../Engine/Plugins/2D/Paper2D/Binaries/Win64/UE4Editor-Paper2DEditor.dll (API version 3709383).
LogModuleManager: Display: Found up-to-date module file ../../../Engine/Plugins/2D/Paper2D/Binaries/Win64/UE4Editor-PaperSpriteSheetImporter.dll (API version 3709383).
LogModuleManager: Display: Found up-to-date module file ../../../Engine/Plugins/2D/Paper2D/Binaries/Win64/UE4Editor-PaperTiledImporter.dll (API version 3709383).
LogModuleManager: Display: Found up-to-date module file ../../../Engine/Plugins/2D/Paper2D/Binaries/Win64/UE4Editor-SmartSnapping.dll (API version 3709383).
LogModuleManager: Display: Found up-to-date module file ../../../Engine/Plugins/Blendables/LightPropagationVolume/Binaries/Win64/UE4Editor-LightPropagationVolumeRuntime.dll (API version 3709383).
LogModuleManager: Display: Found up-to-date module file ../../../Engine/Plugins/Blendables/LightPropagationVolume/Binaries/Win64/UE4Editor-LightPropagationVolumeEditor.dll (API version 3709383).
LogModuleManager: Display: Found up-to-date module file ../../../Engine/Plugins/Developer/GitSourceControl/Binaries/Win64/UE4Editor-GitSourceControl.dll (API version 3709383).
LogModuleManager: Display: Found up-to-date module file ../../../Engine/Plugins/Developer/PerforceSourceControl/Binaries/Win64/UE4Editor-PerforceSourceControl.dll (API version 3709383).
LogModuleManager: Display: Found up-to-date module file ../../../Engine/Plugins/Developer/SubversionSourceControl/Binaries/Win64/UE4Editor-SubversionSourceControl.dll (API version 3709383).
LogModuleManager: Display: Found up-to-date module file ../../../Engine/Plugins/Developer/UObjectPlugin/Binaries/Win64/UE4Editor-UObjectPlugin.dll (API version 3709383).
LogModuleManager: Display: Found up-to-date module file ../../../Engine/Plugins/Developer/VisualStudioCodeSourceCodeAccess/Binaries/Win64/UE4Editor-VisualStudioCodeSourceCodeAccess.dll (API version 3709383).
LogModuleManager: Display: Found up-to-date module file ../../../Engine/Plugins/Developer/VisualStudioSourceCodeAccess/Binaries/Win64/UE4Editor-VisualStudioSourceCodeAccess.dll (API version 3709383).
LogModuleManager: Display: Found up-to-date module file ../../../Engine/Plugins/Editor/AssetManagerEditor/Binaries/Win64/UE4Editor-AssetManagerEditor.dll (API version 3709383).
LogModuleManager: Display: Found up-to-date module file ../../../Engine/Plugins/Editor/AudioCapture/Binaries/Win64/UE4Editor-AudioCapture.dll (API version 3709383).
LogModuleManager: Display: Found up-to-date module file ../../../Engine/Plugins/Editor/FacialAnimation/Binaries/Win64/UE4Editor-FacialAnimation.dll (API version 3709383).
LogModuleManager: Display: Found up-to-date module file ../../../Engine/Plugins/Editor/FacialAnimation/Binaries/Win64/UE4Editor-FacialAnimationEditor.dll (API version 3709383).
LogModuleManager: Display: Found up-to-date module file ../../../Engine/Plugins/Editor/GameplayTagsEditor/Binaries/Win64/UE4Editor-GameplayTagsEditor.dll (API version 3709383).
LogModuleManager: Display: Found up-to-date module file ../../../Engine/Plugins/Editor/MobileLauncherProfileWizard/Binaries/Win64/UE4Editor-MobileLauncherProfileWizard.dll (API version 3709383).
LogModuleManager: Display: Found up-to-date module file ../../../Engine/Plugins/Editor/PluginBrowser/Binaries/Win64/UE4Editor-PluginBrowser.dll (API version 3709383).
LogModuleManager: Display: Found up-to-date module file ../../../Engine/Plugins/Editor/SpeedTreeImporter/Binaries/Win64/UE4Editor-SpeedTreeImporter.dll (API version 3709383).
LogModuleManager: Display: Found up-to-date module file ../../../Engine/Plugins/Experimental/AlembicImporter/Binaries/Win64/UE4Editor-AlembicImporter.dll (API version 3709383).
LogModuleManager: Display: Found up-to-date module file ../../../Engine/Plugins/Experimental/AlembicImporter/Binaries/Win64/UE4Editor-AlembicLibrary.dll (API version 3709383).
LogModuleManager: Display: Found up-to-date module file ../../../Engine/Plugins/Experimental/CharacterAI/Binaries/Win64/UE4Editor-CharacterAI.dll (API version 3709383).
LogModuleManager: Display: Found up-to-date module file ../../../Engine/Plugins/Experimental/HTML5Networking/Binaries/Win64/UE4Editor-HTML5Networking.dll (API version 3709383).
LogModuleManager: Display: Found up-to-date module file ../../../Engine/Plugins/Media/AndroidMedia/Binaries/Win64/UE4Editor-AndroidMediaEditor.dll (API version 3709383).
LogModuleManager: Display: Found up-to-date module file ../../../Engine/Plugins/Media/AndroidMedia/Binaries/Win64/UE4Editor-AndroidMediaFactory.dll (API version 3709383).
LogModuleManager: Display: Found up-to-date module file ../../../Engine/Plugins/Media/AvfMedia/Binaries/Win64/UE4Editor-AvfMediaEditor.dll (API version 3709383).
LogModuleManager: Display: Found up-to-date module file ../../../Engine/Plugins/Media/AvfMedia/Binaries/Win64/UE4Editor-AvfMediaFactory.dll (API version 3709383).
LogModuleManager: Display: Found up-to-date module file ../../../Engine/Plugins/Media/AvfMedia/Binaries/Win64/UE4Editor-AvfMediaFactory.dll (API version 3709383).
LogModuleManager: Display: Found up-to-date module file ../../../Engine/Plugins/Media/ImgMedia/Binaries/Win64/UE4Editor-ImgMedia.dll (API version 3709383).
LogModuleManager: Display: Found up-to-date module file ../../../Engine/Plugins/Media/ImgMedia/Binaries/Win64/UE4Editor-ImgMediaEditor.dll (API version 3709383).
LogModuleManager: Display: Found up-to-date module file ../../../Engine/Plugins/Media/ImgMedia/Binaries/Win64/UE4Editor-ImgMediaFactory.dll (API version 3709383).
LogModuleManager: Display: Found up-to-date module file ../../../Engine/Plugins/Media/ImgMedia/Binaries/Win64/UE4Editor-ImgMediaFactory.dll (API version 3709383).
LogModuleManager: Display: Found up-to-date module file ../../../Engine/Plugins/Media/ImgMedia/Binaries/Win64/UE4Editor-OpenExrWrapper.dll (API version 3709383).
LogModuleManager: Display: Found up-to-date module file ../../../Engine/Plugins/Media/MediaCompositing/Binaries/Win64/UE4Editor-MediaCompositing.dll (API version 3709383).
LogModuleManager: Display: Found up-to-date module file ../../../Engine/Plugins/Media/MediaCompositing/Binaries/Win64/UE4Editor-MediaCompositingEditor.dll (API version 3709383).
LogModuleManager: Display: Found up-to-date module file ../../../Engine/Plugins/Media/MediaPlayerEditor/Binaries/Win64/UE4Editor-MediaPlayerEditor.dll (API version 3709383).
LogModuleManager: Display: Found up-to-date module file ../../../Engine/Plugins/Media/WmfMedia/Binaries/Win64/UE4Editor-WmfMedia.dll (API version 3709383).
LogModuleManager: Display: Found up-to-date module file ../../../Engine/Plugins/Media/WmfMedia/Binaries/Win64/UE4Editor-WmfMediaEditor.dll (API version 3709383).
LogModuleManager: Display: Found up-to-date module file ../../../Engine/Plugins/Media/WmfMedia/Binaries/Win64/UE4Editor-WmfMediaFactory.dll (API version 3709383).
LogModuleManager: Display: Found up-to-date module file ../../../Engine/Plugins/Media/WmfMedia/Binaries/Win64/UE4Editor-WmfMediaFactory.dll (API version 3709383).
LogModuleManager: Display: Found up-to-date module file ../../../Engine/Plugins/Messaging/TcpMessaging/Binaries/Win64/UE4Editor-TcpMessaging.dll (API version 3709383).
LogModuleManager: Display: Found up-to-date module file ../../../Engine/Plugins/Messaging/UdpMessaging/Binaries/Win64/UE4Editor-UdpMessaging.dll (API version 3709383).
LogModuleManager: Display: Found up-to-date module file ../../../Engine/Plugins/MovieScene/ActorSequence/Binaries/Win64/UE4Editor-ActorSequence.dll (API version 3709383).
LogModuleManager: Display: Found up-to-date module file ../../../Engine/Plugins/MovieScene/LevelSequenceEditor/Binaries/Win64/UE4Editor-LevelSequenceEditor.dll (API version 3709383).
LogModuleManager: Display: Found up-to-date module file ../../../Engine/Plugins/MovieScene/MatineeToLevelSequence/Binaries/Win64/UE4Editor-MatineeToLevelSequence.dll (API version 3709383).
LogModuleManager: Display: Found up-to-date module file ../../../Engine/Plugins/Online/OnlineSubsystem/Binaries/Win64/UE4Editor-OnlineSubsystem.dll (API version 3709383).
LogModuleManager: Display: Found up-to-date module file ../../../Engine/Plugins/Online/OnlineSubsystemNull/Binaries/Win64/UE4Editor-OnlineSubsystemNull.dll (API version 3709383).
LogModuleManager: Display: Found up-to-date module file ../../../Engine/Plugins/Online/OnlineSubsystemUtils/Binaries/Win64/UE4Editor-OnlineSubsystemUtils.dll (API version 3709383).
LogModuleManager: Display: Found up-to-date module file ../../../Engine/Plugins/Online/OnlineSubsystemUtils/Binaries/Win64/UE4Editor-OnlineBlueprintSupport.dll (API version 3709383).
LogModuleManager: Display: Found up-to-date module file ../../../Engine/Plugins/Runtime/AndroidDeviceProfileSelector/Binaries/Win64/UE4Editor-AndroidDeviceProfileSelector.dll (API version 3709383).
LogModuleManager: Display: Found up-to-date module file ../../../Engine/Plugins/Runtime/AndroidPermission/Binaries/Win64/UE4Editor-AndroidPermission.dll (API version 3709383).
LogModuleManager: Display: Found up-to-date module file ../../../Engine/Plugins/Runtime/AppleARKit/Binaries/Win64/UE4Editor-AppleARKit.dll (API version 3709383).
LogModuleManager: Display: Found up-to-date module file ../../../Engine/Plugins/Runtime/ArchVisCharacter/Binaries/Win64/UE4Editor-ArchVisCharacter.dll (API version 3709383).
LogModuleManager: Display: Found up-to-date module file ../../../Engine/Plugins/Runtime/CableComponent/Binaries/Win64/UE4Editor-CableComponent.dll (API version 3709383).
LogModuleManager: Display: Found up-to-date module file ../../../Engine/Plugins/Runtime/CustomMeshComponent/Binaries/Win64/UE4Editor-CustomMeshComponent.dll (API version 3709383).
LogModuleManager: Display: Found up-to-date module file ../../../Engine/Plugins/Runtime/ExampleDeviceProfileSelector/Binaries/Win64/UE4Editor-ExampleDeviceProfileSelector.dll (API version 3709383).
LogModuleManager: Display: Found up-to-date module file ../../../Engine/Plugins/Runtime/ImmediatePhysics/Binaries/Win64/UE4Editor-ImmediatePhysics.dll (API version 3709383).
LogModuleManager: Display: Found up-to-date module file ../../../Engine/Plugins/Runtime/ImmediatePhysics/Binaries/Win64/UE4Editor-ImmediatePhysicsEditor.dll (API version 3709383).
LogModuleManager: Display: Found up-to-date module file ../../../Engine/Plugins/Runtime/LocationServicesBPLibrary/Binaries/Win64/UE4Editor-LocationServicesBPLibrary.dll (API version 3709383).
LogModuleManager: Display: Found up-to-date module file ../../../Engine/Plugins/Runtime/MobilePatchingUtils/Binaries/Win64/UE4Editor-MobilePatchingUtils.dll (API version 3709383).
LogModuleManager: Display: Found up-to-date module file ../../../Engine/Plugins/Runtime/Oculus/OculusVR/Binaries/Win64/UE4Editor-OculusHMD.dll (API version 3709383).
LogModuleManager: Display: Found up-to-date module file ../../../Engine/Plugins/Runtime/Oculus/OculusVR/Binaries/Win64/UE4Editor-OculusInput.dll (API version 3709383).
LogModuleManager: Display: Found up-to-date module file ../../../Engine/Plugins/Runtime/Oculus/OculusVR/Binaries/Win64/UE4Editor-OculusEditor.dll (API version 3709383).
LogModuleManager: Display: Found up-to-date module file ../../../Engine/Plugins/Runtime/PhysXVehicles/Binaries/Win64/UE4Editor-PhysXVehicles.dll (API version 3709383).
LogModuleManager: Display: Found up-to-date module file ../../../Engine/Plugins/Runtime/PhysXVehicles/Binaries/Win64/UE4Editor-PhysXVehiclesEditor.dll (API version 3709383).
LogModuleManager: Display: Found up-to-date module file ../../../Engine/Plugins/Runtime/ProceduralMeshComponent/Binaries/Win64/UE4Editor-ProceduralMeshComponent.dll (API version 3709383).
LogModuleManager: Display: Found up-to-date module file ../../../Engine/Plugins/Runtime/ProceduralMeshComponent/Binaries/Win64/UE4Editor-ProceduralMeshComponentEditor.dll (API version 3709383).
LogModuleManager: Display: Found up-to-date module file ../../../Engine/Plugins/Runtime/RuntimePhysXCooking/Binaries/Win64/UE4Editor-RuntimePhysXCooking.dll (API version 3709383).
LogModuleManager: Display: Found up-to-date module file ../../../Engine/Plugins/Runtime/Steam/SteamVR/Binaries/Win64/UE4Editor-SteamVR.dll (API version 3709383).
LogModuleManager: Display: Found up-to-date module file ../../../Engine/Plugins/Runtime/Steam/SteamVR/Binaries/Win64/UE4Editor-SteamVRController.dll (API version 3709383).
LogModuleManager: Display: Found up-to-date module file ../../../Engine/Plugins/Runtime/WindowsMoviePlayer/Binaries/Win64/UE4Editor-WindowsMoviePlayer.dll (API version 3709383).
LogInit: Using libcurl 7.47.1
LogInit:  - built for x86_64-pc-win32
LogInit:  - supports SSL with OpenSSL/1.0.2g
LogInit:  - supports HTTP deflate (compression) using libz 1.2.8
LogInit:  - other features:
LogInit:      CURL_VERSION_SSL
LogInit:      CURL_VERSION_LIBZ
LogInit:      CURL_VERSION_IPV6
LogInit:      CURL_VERSION_ASYNCHDNS
LogInit:      CURL_VERSION_LARGEFILE
LogInit:      CURL_VERSION_IDN
LogInit:  CurlRequestOptions (configurable via config and command line):
LogInit:  - bVerifyPeer = false  - Libcurl will NOT verify peer certificate
LogInit:  - bUseHttpProxy = false  - Libcurl will NOT use HTTP proxy
LogInit:  - bDontReuseConnections = false  - Libcurl will reuse connections
LogInit:  - CertBundlePath = nullptr  - Libcurl will use whatever was configured at build time.
LogInit: Build: ++UE4+Release-4.18-CL-3794801
LogInit: Engine Version: 4.18.2-3794801+++UE4+Release-4.18
LogInit: Compatible Engine Version: 4.18.0-3709383+++UE4+Release-4.18
LogInit: Net CL: 3709383
LogDevObjectVersion: Number of dev versions registered: 16
LogDevObjectVersion:   Dev-Blueprints (B0D832E4-1F89-4F0D-ACCF-7EB736FD4AA2): 10
LogDevObjectVersion:   Dev-Build (E1C64328-A22C-4D53-A36C-8E866417BD8C): 0
LogDevObjectVersion:   Dev-Core (375EC13C-06E4-48FB-B500-84F0262A717E): 2
LogDevObjectVersion:   Dev-Editor (E4B068ED-F494-42E9-A231-DA0B2E46BB41): 20
LogDevObjectVersion:   Dev-Framework (CFFC743F-43B0-4480-9391-14DF171D2073): 30
LogDevObjectVersion:   Dev-Mobile (B02B49B5-BB20-44E9-A304-32B752E40360): 0
LogDevObjectVersion:   Dev-Networking (A4E4105C-59A1-49B5-A7C5-40C4547EDFEE): 0
LogDevObjectVersion:   Dev-Online (39C831C9-5AE6-47DC-9A44-9C173E1C8E7C): 0
LogDevObjectVersion:   Dev-Physics (78F01B33-EBEA-4F98-B9B4-84EACCB95AA2): 0
LogDevObjectVersion:   Dev-Platform (6631380F-2D4D-43E0-8009-CF276956A95A): 0
LogDevObjectVersion:   Dev-Rendering (12F88B9F-8875-4AFC-A67C-D90C383ABD29): 20
LogDevObjectVersion:   Dev-Sequencer (7B5AE74C-D270-4C10-A958-57980B212A5A): 4
LogDevObjectVersion:   Dev-VR (D7296918-1DD6-4BDD-9DE2-64A83CC13884): 0
LogDevObjectVersion:   Dev-LoadTimes (C2A15278-BFE7-4AFE-6C17-90FF531DF755): 1
LogDevObjectVersion:   Private-Geometry (6EACA3D4-40EC-4CC1-B786-8BED09428FC5): 1
LogDevObjectVersion:   Dev-AnimPhys (29E575DD-E0A3-4627-9D10-D276232CDCEA): 12
LogInit: Compiled (64-bit): Dec  8 2017 02:04:53
LogInit: Compiled with Visual C++: 19.00.24215.01
LogInit: Build Configuration: Development
LogInit: Branch Name: ++UE4+Release-4.18
LogInit: Command line:  
LogInit: Base directory: C:/Program Files/Epic Games/UE_4.18/Engine/Binaries/Win64/
LogInit: Installed Engine Build: 1
LogInit: Presizing for max 8388607 objects, including 0 objects not considered by GC, pre-allocating 0 bytes for permanent pool.
LogInit: Object subsystem initialized
[2018.02.14-13.59.27:845][  0]LogInit: Selected Device Profile: [Windows]
[2018.02.14-13.59.27:845][  0]LogInit: Applying CVar settings loaded from the selected device profile: [Windows]
[2018.02.14-13.59.28:008][  0]LogInit: Computer: W700B-R3M3
[2018.02.14-13.59.28:008][  0]LogInit: User: shorttz
[2018.02.14-13.59.28:008][  0]LogInit: CPU Page size=4096, Cores=6
[2018.02.14-13.59.28:008][  0]LogInit: High frequency timer resolution =2.338359 MHz
[2018.02.14-13.59.28:009][  0]LogMemory: Memory total: Physical=15.9GB (16GB approx)
[2018.02.14-13.59.28:009][  0]LogMemory: Platform Memory Stats for Windows
[2018.02.14-13.59.28:009][  0]LogMemory: Process Physical Memory: 277.04 MB used, 277.04 MB peak
[2018.02.14-13.59.28:009][  0]LogMemory: Process Virtual Memory: 276.18 MB used, 276.18 MB peak
[2018.02.14-13.59.28:009][  0]LogMemory: Physical Memory: 5024.58 MB used,  11283.79 MB free, 16308.36 MB total
[2018.02.14-13.59.28:009][  0]LogMemory: Virtual Memory: 631.02 MB used,  11283.79 MB free, 8388608.00 MB total
[2018.02.14-13.59.29:471][  0]LogInit: Using OS detected language (en-CA).
[2018.02.14-13.59.29:471][  0]LogInit: Using OS detected locale (en-CA).
[2018.02.14-13.59.29:607][  0]LogTextLocalizationManager: No specific localization for 'en-CA' exists, so the 'en' localization will be used.
[2018.02.14-13.59.30:715][  0]LogWindows: Failed to load 'shcore.dll' (GetLastError=126)
[2018.02.14-13.59.30:715][  0]LogWindows: File 'shcore.dll' does not exist
[2018.02.14-13.59.30:715][  0]LogInit: Setting process to DPI aware
[2018.02.14-13.59.30:815][  0]LogWindows: Failed to load 'shcore.dll' (GetLastError=126)
[2018.02.14-13.59.30:815][  0]LogWindows: File 'shcore.dll' does not exist
[2018.02.14-13.59.30:815][  0]LogInit: Setting process to DPI aware
[2018.02.14-13.59.34:769][  0]LogD3D11RHI: D3D11 adapters:
[2018.02.14-13.59.34:797][  0]LogD3D11RHI:    0. 'NVIDIA Quadro K4200' (Feature Level 11_0)
[2018.02.14-13.59.34:797][  0]LogD3D11RHI:       4027/0/7898 MB DedicatedVideo/DedicatedSystem/SharedSystem, Outputs:2, VendorId:0x10de
[2018.02.14-13.59.34:797][  0]LogD3D11RHI: Chosen D3D11 Adapter: 0
[2018.02.14-13.59.34:808][  0]LogD3D11RHI: Creating new Direct3DDevice
[2018.02.14-13.59.34:808][  0]LogD3D11RHI:     GPU DeviceId: 0x11b4 (for the marketing name, search the web for "GPU Device Id")
[2018.02.14-13.59.34:808][  0]LogWindows: EnumDisplayDevices:
[2018.02.14-13.59.34:808][  0]LogWindows:    0. 'NVIDIA Quadro K4200' (P:1 D:1)
[2018.02.14-13.59.34:808][  0]LogWindows:    1. 'NVIDIA Quadro K4200' (P:0 D:1)
[2018.02.14-13.59.34:808][  0]LogWindows:    2. 'NVIDIA Quadro K4200' (P:0 D:0)
[2018.02.14-13.59.34:809][  0]LogWindows:    3. 'NVIDIA Quadro K4200' (P:0 D:0)
[2018.02.14-13.59.34:809][  0]LogWindows:    4. 'RDPDD Chained DD' (P:0 D:0)
[2018.02.14-13.59.34:809][  0]LogWindows:    5. 'RDP Encoder Mirror Driver' (P:0 D:0)
[2018.02.14-13.59.34:809][  0]LogWindows:    6. 'RDP Reflector Display Driver' (P:0 D:0)
[2018.02.14-13.59.34:809][  0]LogWindows:    7. 'Mirage Driver' (P:0 D:0)
[2018.02.14-13.59.34:809][  0]LogWindows: DebugString: GetVideoDriverDetailsInvalid PrimaryIsNotTheChoosenAdapter GetVideoDriverDetailsInvalid PrimaryIsNotTheChoosenAdapter GetVideoDriverDetailsInvalid PrimaryIsNotTheChoosenAdapter GetVideoDriverDetailsInvalid PrimaryIsNotTheChoosenAdapter FoundDriverCount:4 
[2018.02.14-13.59.34:809][  0]LogD3D11RHI:     Adapter Name: NVIDIA Quadro K4200
[2018.02.14-13.59.34:810][  0]LogD3D11RHI:   Driver Version: 386.07 (internal:22.21.13.8607, unified:386.07)
[2018.02.14-13.59.34:810][  0]LogD3D11RHI:      Driver Date: 12-19-2017
[2018.02.14-13.59.34:810][  0]LogRHI: Texture pool is 2819 MB (70% of 4027 MB)
[2018.02.14-13.59.34:826][  0]LogD3D11RHI: Async texture creation enabled
[2018.02.14-13.59.35:365][  0]LogD3D11RHI: GPU Timing Frequency: 1000.000000 (Debug: 2 2)
[2018.02.14-13.59.35:615][  0]LogShaderCompilers: Guid format shader working directory is 24 characters bigger than the processId version (D:/ZackShortt/Abeyance/Intermediate/Shaders/WorkingDirectory/136068/).
[2018.02.14-13.59.35:615][  0]LogShaderCompilers: Cleaned the shader compiler working directory 'C:/Users/shorttz/AppData/Local/Temp/UnrealShaderWorkingDir/B7B72E5E4446534A33FED18E52F3C528/'.
[2018.02.14-13.59.35:627][  0]LogShaderCompilers: Display: Using Local Shader Compiler.
[2018.02.14-13.59.42:037][  0]LogTemp: Display: Loaded TP AllDesktopTargetPlatform
[2018.02.14-13.59.42:120][  0]LogTemp: Display: Loaded TP MacClientTargetPlatform
[2018.02.14-13.59.42:200][  0]LogTemp: Display: Loaded TP MacNoEditorTargetPlatform
[2018.02.14-13.59.42:281][  0]LogTemp: Display: Loaded TP MacServerTargetPlatform
[2018.02.14-13.59.42:387][  0]LogTemp: Display: Loaded TP MacTargetPlatform
[2018.02.14-13.59.42:490][  0]LogTemp: Display: Loaded TP WindowsClientTargetPlatform
[2018.02.14-13.59.42:597][  0]LogTemp: Display: Loaded TP WindowsNoEditorTargetPlatform
[2018.02.14-13.59.42:704][  0]LogTemp: Display: Loaded TP WindowsServerTargetPlatform
[2018.02.14-13.59.42:797][  0]LogTemp: Display: Loaded TP WindowsTargetPlatform
[2018.02.14-13.59.42:972][  0]LogTemp: Display: Loaded TP Android_ASTCTargetPlatform
[2018.02.14-13.59.43:066][  0]LogTemp: Display: Loaded TP Android_ATCTargetPlatform
[2018.02.14-13.59.43:161][  0]LogTemp: Display: Loaded TP Android_DXTTargetPlatform
[2018.02.14-13.59.43:249][  0]LogTemp: Display: Loaded TP Android_ETC1TargetPlatform
[2018.02.14-13.59.43:348][  0]LogTemp: Display: Loaded TP Android_ETC2TargetPlatform
[2018.02.14-13.59.43:535][  0]LogTemp: Display: Loaded TP Android_MultiTargetPlatform
[2018.02.14-13.59.43:535][  0]LogTemp: Display: Loaded TP Android_PVRTCTargetPlatform
[2018.02.14-13.59.43:666][  0]LogTemp: Display: Loaded TP AndroidTargetPlatform
[2018.02.14-13.59.43:750][  0]LogTemp: Display: Loaded TP HTML5TargetPlatform
[2018.02.14-13.59.44:088][  0]LogTemp: Display: Loaded TP IOSTargetPlatform
[2018.02.14-13.59.44:140][  0]LogTemp: Display: Loaded TP TVOSTargetPlatform
[2018.02.14-13.59.44:277][  0]LogTemp: Display: Loaded TP LinuxClientTargetPlatform
[2018.02.14-13.59.44:378][  0]LogTemp: Display: Loaded TP LinuxNoEditorTargetPlatform
[2018.02.14-13.59.44:486][  0]LogTemp: Display: Loaded TP LinuxServerTargetPlatform
[2018.02.14-13.59.44:614][  0]LogTemp: Display: Loaded TP LinuxTargetPlatform
[2018.02.14-13.59.44:614][  0]LogTargetPlatformManager: Display: Building Assets For Windows
[2018.02.14-13.59.46:764][  0]LogDerivedDataCache: Display: Max Cache Size: 512 MB
[2018.02.14-13.59.46:765][  0]LogDerivedDataCache: Display: Starting with empty Boot cache
[2018.02.14-13.59.46:765][  0]LogDerivedDataCache: FDerivedDataBackendGraph:  Pak pak cache file D:/ZackShortt/Abeyance/DerivedDataCache/DDC.ddp not found, will not use a pak cache.
[2018.02.14-13.59.46:765][  0]LogDerivedDataCache: Unable to find inner node Pak for hierarchical cache Hierarchy.
[2018.02.14-13.59.46:765][  0]LogDerivedDataCache: FDerivedDataBackendGraph:  CompressedPak pak cache file D:/ZackShortt/Abeyance/DerivedDataCache/Compressed.ddp not found, will not use a pak cache.
[2018.02.14-13.59.46:765][  0]LogDerivedDataCache: Unable to find inner node CompressedPak for hierarchical cache Hierarchy.
[2018.02.14-13.59.47:042][  0]LogDerivedDataCache: Display: Pak cache opened for reading ../../../Engine/DerivedDataCache/Compressed.ddp.
[2018.02.14-13.59.47:056][  0]LogDerivedDataCache: Using Local data cache path C:/Users/shorttz/AppData/Local/UnrealEngine/Common/DerivedDataCache: Writable
[2018.02.14-13.59.47:061][  0]LogMaterial: Verifying Global Shaders for PCD3D_SM5
[2018.02.14-13.59.50:603][  0]LogSlate: Using Freetype 2.6.0
[2018.02.14-13.59.50:721][  0]LogSlate: SlateFontCache - WITH_FREETYPE: 1, WITH_HARFBUZZ: 1
[2018.02.14-13.59.50:756][  0]LogSlate: SlateFontCache - WITH_FREETYPE: 1, WITH_HARFBUZZ: 1
[2018.02.14-13.59.59:135][  0]LogInit: Selected Device Profile: [Windows]
[2018.02.14-14.00.00:499][  0]LogMaterial: Missing cached shader map for material DefaultDeferredDecalMaterial, compiling. 
[2018.02.14-14.00.59:506][  0]LogMaterial: Missing cached shader map for material DefaultLightFunctionMaterial, compiling. 
[2018.02.14-14.01.00:472][  0]LogMaterial: Missing cached shader map for material DefaultPostProcessMaterial, compiling. 
[2018.02.14-14.01.01:172][  0]LogMaterial: Missing cached shader map for material WorldGridMaterial, compiling. Is special engine material.
[2018.02.14-14.01.33:203][  0]LogMaterial: Missing cached shader map for material MatineeCam_mat, compiling. 
[2018.02.14-14.01.35:159][  0]LogSimplygon: Simplygon DLL not present - disabling.
[2018.02.14-14.01.35:359][  0]LogMeshReduction: Using SimplygonSwarm for distributed automatic mesh merging
[2018.02.14-14.01.35:386][  0]LogMeshReduction: Using QuadricMeshReduction for automatic static mesh reduction
[2018.02.14-14.01.35:386][  0]LogMeshReduction: No automatic skeletal mesh reduction module available
[2018.02.14-14.01.35:386][  0]LogMeshReduction: No automatic mesh merging module available
[2018.02.14-14.01.35:386][  0]LogMeshMerging: No automatic mesh merging module available
[2018.02.14-14.01.36:085][  0]LogNetVersion: Abeyance , NetCL: 3709383, EngineNetVer: 2, GameNetVer: 0 (Checksum: 2761998163)
[2018.02.14-14.01.36:515][  0]LogMaterial: Missing cached shader map for material HelpActorMaterial, compiling. 
[2018.02.14-14.01.38:714][  0]LogMaterial: Missing cached shader map for material DefaultTextMaterialOpaque, compiling. 
[2018.02.14-14.01.39:609][  0]LogAssetRegistry: FAssetRegistry took 0.0397 seconds to start up
[2018.02.14-14.01.40:080][  0]LogMaterial: Missing cached shader map for material Widget3DPassThrough, compiling. 
[2018.02.14-14.01.40:148][  0]LogMaterial: Missing cached shader map for material Widget3DPassThrough, compiling. 
[2018.02.14-14.01.40:234][  0]LogMaterial: Missing cached shader map for material Widget3DPassThrough, compiling. 
[2018.02.14-14.01.40:293][  0]LogMaterial: Missing cached shader map for material Widget3DPassThrough, compiling. 
[2018.02.14-14.01.40:339][  0]LogMaterial: Missing cached shader map for material Widget3DPassThrough, compiling. 
[2018.02.14-14.01.40:422][  0]LogMaterial: Missing cached shader map for material Widget3DPassThrough, compiling. 
[2018.02.14-14.01.40:878][  0]LogMaterial: Missing cached shader map for material CineMat, compiling. 
[2018.02.14-14.01.41:898][  0]LogMaterial: Missing cached shader map for material M_SimpleOpaque, compiling. 
[2018.02.14-14.01.42:303][  0]LogMaterial: Missing cached shader map for material M_SimpleTranslucent, compiling. 
[2018.02.14-14.01.44:835][  0]LogMaterial: Missing cached shader map for material TranslucentTransformGizmoMaterial, compiling. 
[2018.02.14-14.01.44:862][  0]LogMaterial: Missing cached shader map for material TransformGizmoMaterial, compiling. 
[2018.02.14-14.01.44:881][  0]LogMaterial: Missing cached shader map for material SnapGridMaterial, compiling. 
[2018.02.14-14.01.45:545][  0]LogMaterial: Missing cached shader map for material Xray, compiling. 
[2018.02.14-14.01.45:595][  0]LogMaterial: Missing cached shader map for material Main, compiling. 
[2018.02.14-14.01.47:567][  0]LogMaterial: Missing cached shader map for material SkySphereMaterial, compiling. 
[2018.02.14-14.01.47:860][  0]LogMaterial: Missing cached shader map for material FloorPlaneMaterial, compiling. 
[2018.02.14-14.01.49:157][  0]LogMaterial: Missing cached shader map for material LandscapeGizmo_Mat, compiling. 
[2018.02.14-14.01.49:316][  0]LogMaterial: Missing cached shader map for material LandscapeGizmoHeight_Mat, compiling. 
[2018.02.14-14.01.49:757][  0]LogMaterial: Missing cached shader map for material SplineEditorMeshMat, compiling. 
[2018.02.14-14.01.50:049][  0]LogMaterial: Missing cached shader map for material ARKitCameraMaterial, compiling. 
[2018.02.14-14.01.50:527][  0]LogMaterial: Missing cached shader map for material GearVRControllerMaterial, compiling. 
[2018.02.14-14.01.50:991][  0]LogPackageLocalizationCache: Processed 7 localized package path(s) for 2 prioritized culture(s) in 0.221013 seconds
[2018.02.14-14.01.51:083][  0]LogUObjectArray: 35900 objects as part of root set at end of initial load.
[2018.02.14-14.01.51:083][  0]LogUObjectAllocator: 7372016 out of 0 bytes used by permanent object pool.
[2018.02.14-14.01.51:083][  0]LogUObjectArray: CloseDisregardForGC: 0/0 objects in disregard for GC pool
[2018.02.14-14.01.51:227][  0]LogInit: WinSock: version 1.1 (2.2), MaxSocks=32767, MaxUdp=65467
[2018.02.14-14.02.23:044][  0]LogMaterial: Missing cached shader map for material M_ContentWindow, compiling. 
[2018.02.14-14.02.23:787][  0]LogMaterial: Missing cached shader map for material GridPostProcess, compiling. 
[2018.02.14-14.02.23:895][  0]LogMaterial: Missing cached shader map for material VivePreControllerMaterial, compiling. 
[2018.02.14-14.02.23:935][  0]LogMaterial: Missing cached shader map for material OculusControllerMaterial, compiling. 
[2018.02.14-14.02.23:967][  0]LogMaterial: Missing cached shader map for material GridMaterial, compiling. 
[2018.02.14-14.02.23:986][  0]LogMaterial: Missing cached shader map for material VRTextMaterial, compiling. 
[2018.02.14-14.02.24:136][  0]LogMaterial: Missing cached shader map for material GenericHMDMaterial, compiling. 
[2018.02.14-14.02.24:388][  0]LogMaterial: Missing cached shader map for material TeleportDirectionMaterial, compiling. 
[2018.02.14-14.02.24:435][  0]LogMaterial: Missing cached shader map for material LaserPointerMaterial, compiling. 
[2018.02.14-14.02.24:465][  0]LogMaterial: Missing cached shader map for material LaserPointerMaterial, compiling. 
[2018.02.14-14.02.24:531][  0]LogMaterial: Missing cached shader map for material ArrowMaterial, compiling. 
[2018.02.14-14.02.24:632][  0]LogMaterial: Missing cached shader map for material KeyDiskMaterial, compiling. 
[2018.02.14-14.02.24:864][  0]LogMaterial: Missing cached shader map for material FlattenHeightMat, compiling. 
[2018.02.14-14.02.24:961][  0]LogMaterial: Missing cached shader map for material LineMaterial, compiling. 
[2018.02.14-14.02.25:132][  0]LogMaterial: Missing cached shader map for material VRTextMaterial, compiling. 
[2018.02.14-14.02.30:884][  0]LogMaterial: Missing cached shader map for material DefaultSpriteMaterial, compiling. 
[2018.02.14-14.02.31:287][  0]LogMaterial: Missing cached shader map for material DefaultSpriteMaterial, compiling. 
[2018.02.14-14.02.33:940][  0]LogTcpMessaging: Initializing TcpMessaging bridge
[2018.02.14-14.02.34:357][  0]LogUdpMessaging: Initializing bridge on interface 0.0.0.0:0 to multicast group 230.0.0.1:6666.
[2018.02.14-14.02.36:702][  0]LogMaterial: Missing cached shader map for material DefaultMaterial, compiling. 
[2018.02.14-14.02.43:883][  0]LogMaterial: Missing cached shader map for material BaseColor, compiling. 
[2018.02.14-14.02.43:915][  0]LogMaterial: Missing cached shader map for material CustomDepth, compiling. 
[2018.02.14-14.02.44:419][  0]LogMaterial: Uniform references updated for custom material expression Custom.
[2018.02.14-14.02.44:454][  0]LogMaterial: Missing cached shader map for material CustomStencil, compiling. 
[2018.02.14-14.02.44:607][  0]LogMaterial: Missing cached shader map for material FinalImage, compiling. 
[2018.02.14-14.02.44:677][  0]LogMaterial: Missing cached shader map for material LightingModel, compiling. 
[2018.02.14-14.02.44:720][  0]LogMaterial: Missing cached shader map for material MaterialAO, compiling. 
[2018.02.14-14.02.44:764][  0]LogMaterial: Missing cached shader map for material Metallic, compiling. 
[2018.02.14-14.02.44:799][  0]LogMaterial: Missing cached shader map for material Opacity, compiling. 
[2018.02.14-14.02.44:842][  0]LogMaterial: Missing cached shader map for material Roughness, compiling. 
[2018.02.14-14.02.44:891][  0]LogMaterial: Missing cached shader map for material SceneColor, compiling. 
[2018.02.14-14.02.44:933][  0]LogMaterial: Missing cached shader map for material SceneDepth, compiling. 
[2018.02.14-14.02.45:131][  0]LogMaterial: Missing cached shader map for material SeparateTranslucencyRGB, compiling. 
[2018.02.14-14.02.45:211][  0]LogMaterial: Missing cached shader map for material SeparateTranslucencyA, compiling. 
[2018.02.14-14.02.45:247][  0]LogMaterial: Missing cached shader map for material Specular, compiling. 
[2018.02.14-14.02.45:295][  0]LogMaterial: Missing cached shader map for material SubsurfaceColor, compiling. 
[2018.02.14-14.02.45:326][  0]LogMaterial: Missing cached shader map for material WorldNormal, compiling. 
[2018.02.14-14.02.45:454][  0]LogMaterial: Missing cached shader map for material AmbientOcclusion, compiling. 
[2018.02.14-14.02.45:593][  0]LogMaterial: Missing cached shader map for material CustomDepthWorldUnits, compiling. 
[2018.02.14-14.02.45:628][  0]LogMaterial: Missing cached shader map for material SceneDepthWorldUnits, compiling. 
[2018.02.14-14.02.45:786][  0]LogMaterial: Missing cached shader map for material PreTonemapHDRColor, compiling. 
[2018.02.14-14.02.45:860][  0]LogMaterial: Missing cached shader map for material PostTonemapHDRColor, compiling. 
[2018.02.14-14.02.49:038][  0]SourceControl: Source control is disabled
[2018.02.14-14.02.49:076][  0]SourceControl: Source control is disabled
[2018.02.14-14.02.49:694][  0]SourceControl: Source control is disabled
[2018.02.14-14.02.50:139][  0]SourceControl: Source control is disabled
[2018.02.14-14.02.52:493][  0]LogMaterial: Missing cached shader map for material DefaultMediaPlaneMaterial, compiling. 
[2018.02.14-14.02.53:909][  0]LogAndroidPermission: UAndroidPermissionCallbackProxy::GetInstance
[2018.02.14-14.02.54:666][  0]LogOcInput: OculusInput pre-init called
[2018.02.14-14.02.55:708][  0]LogMaterial: Missing cached shader map for material HighResScreenshot, compiling. 
[2018.02.14-14.02.55:735][  0]LogMaterial: Missing cached shader map for material HighResScreenshotMask, compiling. 
[2018.02.14-14.02.55:795][  0]LogMaterial: Missing cached shader map for material HighResScreenshotCaptureRegion, compiling. 
[2018.02.14-14.02.56:226][  0]LogEngine: Initializing Engine...
[2018.02.14-14.02.56:249][  0]LogHMD: Failed to initialize OpenVR with code 110
[2018.02.14-14.02.56:268][  0]LogMaterial: Missing cached shader map for material WireframeMaterial, compiling. Is special engine material.
[2018.02.14-14.02.56:690][  0]LogMaterial: Missing cached shader map for material LevelColorationLitMaterial, compiling. Is special engine material.
[2018.02.14-14.02.58:173][  0]LogMaterial: Missing cached shader map for material LevelColorationUnlitMaterial, compiling. Is special engine material.
[2018.02.14-14.02.58:725][  0]LogMaterial: Missing cached shader map for material MAT_LevelColorationLitLightmapUV, compiling. Is special engine material.
[2018.02.14-14.03.00:259][  0]LogMaterial: Missing cached shader map for material ShadedLevelColorationLitMaterial, compiling. Is special engine material.
[2018.02.14-14.03.01:774][  0]LogMaterial: Missing cached shader map for material ShadedLevelColorationUnlitMateri, compiling. Is special engine material.
[2018.02.14-14.03.02:241][  0]LogMaterial: Missing cached shader map for material VertexColorMaterial, compiling. 
[2018.02.14-14.03.02:491][  0]LogMaterial: Missing cached shader map for material VertexColorViewMode_ColorOnly, compiling. 
[2018.02.14-14.03.02:547][  0]LogMaterial: Missing cached shader map for material VertexColorViewMode_AlphaAsColor, compiling. 
[2018.02.14-14.03.02:628][  0]LogMaterial: Missing cached shader map for material VertexColorViewMode_RedOnly, compiling. 
[2018.02.14-14.03.02:705][  0]LogMaterial: Missing cached shader map for material VertexColorViewMode_GreenOnly, compiling. 
[2018.02.14-14.03.02:771][  0]LogMaterial: Missing cached shader map for material VertexColorViewMode_BlueOnly, compiling. 
[2018.02.14-14.03.02:826][  0]LogMaterial: Missing cached shader map for material RemoveSurfaceMaterial, compiling. 
[2018.02.14-14.03.02:883][  0]LogMaterial: Missing cached shader map for material DebugMeshMaterial, compiling. 
[2018.02.14-14.03.03:043][  0]LogMaterial: Missing cached shader map for material M_InvalidLightmapSettings, compiling. 
[2018.02.14-14.03.03:184][  0]LogMaterial: Missing cached shader map for material GizmoMaterial, compiling. 
[2018.02.14-14.03.03:278][  0]LogMaterial: Missing cached shader map for material PhAT_JointLimitMaterial, compiling. 
[2018.02.14-14.03.03:355][  0]LogMaterial: Missing cached shader map for material GeomMaterial, compiling. 
[2018.02.14-14.03.03:411][  0]LogMaterial: Missing cached shader map for material EditorBrushMaterial, compiling. 
[2018.02.14-14.03.03:519][  0]LogMaterial: Missing cached shader map for material BoneWeightMaterial, compiling. 
[2018.02.14-14.03.03:813][  0]LogMaterial: Missing cached shader map for material ClothMaterial, compiling. 
[2018.02.14-14.03.03:888][  0]LogMaterial: Missing cached shader map for material ClothMaterial_WF, compiling. 
[2018.02.14-14.03.03:969][  0]LogMaterial: Missing cached shader map for material DebugEditorMaterial, compiling. 
[2018.02.14-14.03.04:192][  0]LogMaterial: Missing cached shader map for material PreviewShadowIndicatorMaterial, compiling. 
[2018.02.14-14.03.05:087][  0]LogStats: UGameplayTagsManager::ConstructGameplayTagTree: Construct from data asset -  0.000 s
[2018.02.14-14.03.05:090][  0]LogStats: UGameplayTagsManager::ConstructGameplayTagTree: GameplayTagTreeChangedEvent.Broadcast -  0.000 s
[2018.02.14-14.03.05:923][  0]LogAIModule: Creating AISystem for world Untitled
[2018.02.14-14.03.06:048][  0]LogInit: XAudio2 using 'Speakers / Headphones (Realtek Audio)' : 2 channels at 48 kHz using 32 bits per sample (channel mask 0x3)
[2018.02.14-14.03.06:156][  0]LogInit: FAudioDevice initialized.
[2018.02.14-14.03.07:847][  0]LogDerivedDataCache: Saved boot cache 1.71s 67MB C:/Users/shorttz/AppData/Local/UnrealEngine/4.18/DerivedDataCache/Boot.ddc.
[2018.02.14-14.03.07:864][  0]LogInit: Texture streaming: Enabled
[2018.02.14-14.03.08:216][  0]LogEngineSessionManager: EngineSessionManager initialized
[2018.02.14-14.03.12:169][  0]LogInit: Transaction tracking system initialized
[2018.02.14-14.03.14:859][  0]BlueprintLog: New page: Editor Load
[2018.02.14-14.03.26:364][  0]LocalizationService: Localization service is disabled
[2018.02.14-14.03.37:478][  0]LogConsoleResponse: Display: 
[2018.02.14-14.03.38:214][  0]LogMaterial: Missing cached shader map for material Cross_Mat, compiling. 
[2018.02.14-14.03.38:343][  0]LogMaterial: Missing cached shader map for material PhAT_BoneSelectedMaterial, compiling. 
[2018.02.14-14.03.38:381][  0]LogMaterial: Missing cached shader map for material PhAT_ElemSelectedMaterial, compiling. 
[2018.02.14-14.03.38:419][  0]LogMaterial: Missing cached shader map for material PhAT_NoCollisionMaterial, compiling. 
[2018.02.14-14.03.38:458][  0]LogMaterial: Missing cached shader map for material PhAT_UnselectedMaterial, compiling. 
[2018.02.14-14.03.38:603][  0]LogMaterial: Missing cached shader map for material Tick_Mat, compiling. 
[2018.02.14-14.03.38:763][  0]LogMaterial: Missing cached shader map for material WidgetGridVertexColorMaterial_Ma, compiling. 
[2018.02.14-14.03.38:807][  0]LogMaterial: Missing cached shader map for material WidgetMaterial, compiling. 
[2018.02.14-14.03.38:854][  0]LogMaterial: Missing cached shader map for material WidgetMaterial_Current, compiling. 
[2018.02.14-14.03.38:892][  0]LogMaterial: Missing cached shader map for material WidgetMaterial_X, compiling. 
[2018.02.14-14.03.38:945][  0]LogMaterial: Missing cached shader map for material WidgetMaterial_Y, compiling. 
[2018.02.14-14.03.38:994][  0]LogMaterial: Missing cached shader map for material WidgetMaterial_Z, compiling. 
[2018.02.14-14.03.39:041][  0]LogMaterial: Missing cached shader map for material WidgetVertexColorMaterial, compiling. 
[2018.02.14-14.03.39:873][  0]LogMaterial: Missing cached shader map for material LevelGridMaterial, compiling. 
[2018.02.14-14.03.40:364][  0]LogMaterial: Missing cached shader map for material BlinkingCaret, compiling. 
[2018.02.14-14.03.40:965][  0]LogMaterial: Missing cached shader map for material M_StreamingPause, compiling. 
[2018.02.14-14.03.41:142][  0]LogFileCache: Scanning file cache for directory 'D:/ZackShortt/Abeyance/Content/' took 0.01s
[2018.02.14-14.03.41:142][  0]LogCook: Display: Max memory allowance for cook 16384mb min free memory 0mb
[2018.02.14-14.03.41:143][  0]LogCook: Display: Mobile HDR setting 1
[2018.02.14-14.03.41:158][  0]LogGameplayTags: Display: UGameplayTagsManager::DoneAddingNativeTags. DelegateIsBound: 0
[2018.02.14-14.03.49:046][  0]SourceControl: Source control is disabled
[2018.02.14-14.03.49:148][  0]Cmd: MAP LOAD FILE="D:/ZackShortt/Abeyance/Content/Maps/Default.umap" TEMPLATE=0 SHOWPROGRESS=1 FEATURELEVEL=3
[2018.02.14-14.03.49:191][  0]LightingResults: New page: Lighting Build
[2018.02.14-14.03.49:966][  0]MapCheck: New page: Map Check
[2018.02.14-14.03.49:966][  0]LightingResults: New page: Lighting Build
[2018.02.14-14.03.55:579][  0]LogTexture: Display: Building textures: ShadowMapTexture2D_6 (BGRA8, 1024X128)
[2018.02.14-14.03.55:580][  0]LogTexture: Display: Building textures: LQ_Lightmap_1_2 (DXT1, 512X512)
[2018.02.14-14.03.55:580][  0]LogTexture: Display: Building textures: HQ_Lightmap1_2 (AutoDXT, 512X512)
[2018.02.14-14.03.55:580][  0]LogTexture: Display: Building textures: fbdcx0ha (BGRA8, 1200X953)
[2018.02.14-14.03.55:580][  0]LogTexture: Display: Building textures: 010721-black-ink-grunge-stamp-texture-icon-animals-animal-dog-print (AutoDXT, 512X512)
[2018.02.14-14.03.55:874][  0]LogTexture: Display: Building textures: StoneDoorway_AO (AutoDXT, 1024X1024)
[2018.02.14-14.03.55:874][  0]LogStaticMesh: Building static mesh Doorways_StoneDoorway...
[2018.02.14-14.03.56:071][  0]LogStaticMesh: Built static mesh [0.20s] /Game/Assets/Doorways_StoneDoorway.Doorways_StoneDoorway
[2018.02.14-14.03.56:729][  0]LogMaterial: Missing cached shader map for material M_Ether, compiling. 
[2018.02.14-14.03.56:808][  0]LogStaticMesh: Building static mesh Doorways_CreviceDoorway...
[2018.02.14-14.03.57:122][  0]LogStaticMesh: Built static mesh [0.31s] /Game/Assets/Doorways_CreviceDoorway.Doorways_CreviceDoorway
[2018.02.14-14.03.57:378][  0]LogStaticMesh: Building static mesh Crystals_Crystal_1...
[2018.02.14-14.03.57:427][  0]LogStaticMesh: Built static mesh [0.05s] /Game/Assets/Crystals_Crystal_1.Crystals_Crystal_1
[2018.02.14-14.03.57:429][  0]LogStaticMesh: Building static mesh Crystals_CrystalCluster_0...
[2018.02.14-14.03.57:450][  0]LogStaticMesh: Built static mesh [0.02s] /Game/Assets/Crystals_CrystalCluster_0.Crystals_CrystalCluster_0
[2018.02.14-14.03.57:535][  0]LogMaterial: Missing cached shader map for material M_UE4Man_Body, compiling. 
[2018.02.14-14.03.57:823][  0]LogMaterial: Missing cached shader map for material M_UE4Man_Body, compiling. 
[2018.02.14-14.03.58:096][  0]LogMaterial: Missing cached shader map for material M_PawPrint, compiling. 
[2018.02.14-14.03.58:222][  0]LogMaterial: Missing cached shader map for material M_CrystalPulse, compiling. 
[2018.02.14-14.03.58:367][  0]LogMaterial: Missing cached shader map for material M_Companion, compiling. 
[2018.02.14-14.03.58:537][  0]LogMaterial: Missing cached shader map for material M_PortalEffect_2, compiling. 
[2018.02.14-14.03.58:584][  0]LogMaterial: Missing cached shader map for material M_StoneDoorway, compiling. 
[2018.02.14-14.03.58:735][  0]LogAIModule: Creating AISystem for world Default
[2018.02.14-14.04.01:193][  0]LogStreaming: Display: ULevelStreaming::RequestLevel(/Game/Maps/StreamedLevels/Room_01) is flushing async loading
[2018.02.14-14.04.01:819][  0]LogTexture: Display: Building textures: ShadowMapTexture2D_6 (BGRA8, 1024X128)
[2018.02.14-14.04.01:819][  0]LogTexture: Display: Building textures: LQ_Lightmap_1_5 (DXT1, 512X512)
[2018.02.14-14.04.01:819][  0]LogTexture: Display: Building textures: HQ_Lightmap1_5 (AutoDXT, 512X512)
[2018.02.14-14.04.01:823][  0]LogStreaming: Display: ULevelStreaming::RequestLevel(/Game/Maps/StreamedLevels/Room_02) is flushing async loading
[2018.02.14-14.04.01:912][  0]LogTexture: Display: Building textures: ShadowMapTexture2D_7 (BGRA8, 1024X128)
[2018.02.14-14.04.01:912][  0]LogTexture: Display: Building textures: HQ_Lightmap1_3 (AutoDXT, 512X512)
[2018.02.14-14.04.01:912][  0]LogTexture: Display: Building textures: LQ_Lightmap_1_3 (DXT1, 512X512)
[2018.02.14-14.04.01:916][  0]LogStreaming: Display: ULevelStreaming::RequestLevel(/Game/Maps/StreamedLevels/Room_03) is flushing async loading
[2018.02.14-14.04.01:993][  0]LogTexture: Display: Building textures: ShadowMapTexture2D_7 (G8, 1024X128)
[2018.02.14-14.04.01:993][  0]LogTexture: Display: Building textures: LQ_Lightmap_1_4 (DXT1, 512X512)
[2018.02.14-14.04.01:993][  0]LogTexture: Display: Building textures: HQ_Lightmap1_4 (AutoDXT, 512X512)
[2018.02.14-14.04.01:997][  0]LogStreaming: Display: ULevelStreaming::RequestLevel(/Game/Maps/StreamedLevels/Room_04) is flushing async loading
[2018.02.14-14.04.02:067][  0]LogTexture: Display: Building textures: HQ_Lightmap0_1 (AutoDXT, 512X512)
[2018.02.14-14.04.02:067][  0]LogTexture: Display: Building textures: LQ_Lightmap_0_1 (DXT1, 512X512)
[2018.02.14-14.04.02:201][  0]LogEditorServer: Finished looking for orphan Actors (0.000 secs)
[2018.02.14-14.04.02:533][  0]Cmd: MAP CHECKDEP NOCLEARLOG
[2018.02.14-14.04.02:611][  0]MapCheck: Map check complete: 0 Error(s), 0 Warning(s), took 77.765ms to complete.
[2018.02.14-14.04.02:611][  0]LogFileHelpers: Loading map 'Default' took 13.510
[2018.02.14-14.04.07:309][  0]LogCollectionManager: Loaded 0 collections in 0.003130 seconds
[2018.02.14-14.04.08:371][  0]LogFileCache: Scanning file cache for directory 'D:/ZackShortt/Abeyance/Saved/Collections/' took 0.01s
[2018.02.14-14.04.08:371][  0]LogFileCache: Scanning file cache for directory 'D:/ZackShortt/Abeyance/Content/Developers/shorttz/Collections/' took 0.05s
[2018.02.14-14.04.08:371][  0]LogFileCache: Scanning file cache for directory 'D:/ZackShortt/Abeyance/Content/Collections/' took 0.00s
[2018.02.14-14.04.08:371][  0]LogCollectionManager: Rebuilt the GUID cache for 0 collections in 0.000000 seconds
[2018.02.14-14.04.08:564][  0]LogContentBrowser: Native class hierarchy populated in 0.1901 seconds. Added 2365 classes and 521 folders.
[2018.02.14-14.04.09:495][  0]LogContentBrowser: Native class hierarchy updated for 'WidgetCarousel' in 0.0009 seconds. Added 0 classes and 0 folders.
[2018.02.14-14.04.16:654][  0]LogContentBrowser: Native class hierarchy updated for 'AddContentDialog' in 0.0009 seconds. Added 0 classes and 0 folders.
[2018.02.14-14.04.17:154][  0]LogContentBrowser: Native class hierarchy updated for 'SceneOutliner' in 0.0008 seconds. Added 1 classes and 2 folders.
[2018.02.14-14.04.20:911][  0]LogSlate: Took 0.017231 seconds to synchronously load lazily loaded font '../../../Engine/Content/Slate/Fonts/Roboto-Regular.ttf' (155K)
[2018.02.14-14.04.20:960][  0]LogSlate: Took 0.033994 seconds to synchronously load lazily loaded font '../../../Engine/Content/Slate/Fonts/Roboto-Bold.ttf' (160K)
[2018.02.14-14.04.21:616][  0]LogSlate: Took 0.440176 seconds to synchronously load lazily loaded font '../../../Engine/Content/Editor/Slate/Fonts/FontAwesome.ttf' (139K)
[2018.02.14-14.04.23:001][  0]LogMaterial: Missing cached shader map for material LevelGridMaterial2, compiling. 
[2018.02.14-14.04.23:263][  0]LogRenderer: Reallocating scene render targets to support 1920x1080 Format 10 NumSamples 1 (Frame:1).
[2018.02.14-14.04.24:498][  0]LogRenderer: Reallocating scene render targets to support 1920x1200 Format 10 NumSamples 1 (Frame:1).
[2018.02.14-14.04.27:862][  0]LogContentBrowser: Native class hierarchy updated for 'HierarchicalLODOutliner' in 0.0008 seconds. Added 1 classes and 2 folders.
[2018.02.14-14.04.27:862][  0]LogLoad: (Engine Initialization) Total time: 307.69 seconds
[2018.02.14-14.04.27:862][  0]LogLoad: (Engine Initialization) Total Blueprint compile time: 0.00 seconds
[2018.02.14-14.04.27:862][  0]LogExternalProfiler: No external profilers were discovered.  External profiling features will not be available.
[2018.02.14-14.04.28:265][  0]LogContentStreaming: Texture pool size now 1000 MB
[2018.02.14-14.04.28:786][  0]LogSlate: Took 0.017390 seconds to synchronously load lazily loaded font '../../../Engine/Content/Slate/Fonts/Roboto-Light.ttf' (159K)
[2018.02.14-14.04.29:704][  3]LogAssetRegistry: Asset discovery search completed in 170.0947 seconds
[2018.02.14-14.04.29:983][  3]LogCollectionManager: Rebuilt the object cache for 0 collections in 0.000001 seconds (found 0 objects)
[2018.02.14-14.04.29:983][  3]LogCollectionManager: Fixed up redirectors for 0 collections in 0.000100 seconds (updated 0 objects)
[2018.02.14-14.04.48:094][603]Cmd: MAP LOAD FILE="D:/ZackShortt/Abeyance/Content/Maps/effects.umap" TEMPLATE=0 SHOWPROGRESS=1 FEATURELEVEL=3
[2018.02.14-14.04.48:123][603]LogSlate: Took 0.000254 seconds to synchronously load lazily loaded font '../../../Engine/Content/Slate/Fonts/Roboto-Light.ttf' (159K)
[2018.02.14-14.04.48:162][603]LightingResults: New page: Lighting Build
[2018.02.14-14.04.48:164][603]LoadErrors: New page: Loading map: effects.umap
[2018.02.14-14.04.48:177][603]MapCheck: New page: Map Check
[2018.02.14-14.04.48:177][603]LightingResults: New page: Lighting Build
[2018.02.14-14.04.49:181][603]LogTexture: Display: Building textures: HQ_Lightmap1_2 (AutoDXT, 64X64)
[2018.02.14-14.04.49:181][603]LogTexture: Display: Building textures: LQ_Lightmap_1_2 (DXT1, 64X64)
[2018.02.14-14.04.49:181][603]LogTexture: Display: Building textures: ShadowMapTexture2D_2 (G8, 128X128)
[2018.02.14-14.04.49:181][603]LogTexture: Display: Building textures: ShadowMapTexture2D_3 (G8, 32X32)
[2018.02.14-14.04.49:181][603]LogTexture: Display: Building textures: LQ_Lightmap_1_1 (DXT1, 256X256)
[2018.02.14-14.04.49:181][603]LogTexture: Display: Building textures: HQ_Lightmap1_1 (AutoDXT, 256X256)
[2018.02.14-14.04.49:182][603]LogSlate: Took 0.000208 seconds to synchronously load lazily loaded font '../../../Engine/Content/Slate/Fonts/Roboto-Regular.ttf' (155K)
[2018.02.14-14.04.49:201][603]LogTexture: Display: Building textures: T_GenericLightning (DXT1, 1024X1024)
[2018.02.14-14.04.49:204][603]LogTexture: Display: Building textures: seed (AutoDXT, 512X512)
[2018.02.14-14.04.49:208][603]LogMaterial: Missing cached shader map for material M_Sky_Panning_Clouds2, compiling. 
[2018.02.14-14.05.08:027][603]LogTexture: Display: Building textures: orb1_sprite (AutoDXT, 8192X8192)
[2018.02.14-14.05.08:027][603]LogMaterial: Missing cached shader map for material M_orb, compiling. 
[2018.02.14-14.05.08:095][603]LogMaterial: Missing cached shader map for material circle_Symbol_M, compiling. 
[2018.02.14-14.05.08:157][603]LogMaterial: Missing cached shader map for material circle_Effect, compiling. 
[2018.02.14-14.05.08:264][603]LogMaterial: Missing cached shader map for material E_Base, compiling. 
[2018.02.14-14.05.08:337][603]LogMaterial: Missing cached shader map for material M_GenericLightning, compiling. 
[2018.02.14-14.05.08:369][603]LogAIModule: Creating AISystem for world effects
[2018.02.14-14.05.08:748][603]LogEditorServer: Finished looking for orphan Actors (0.000 secs)
[2018.02.14-14.05.08:965][603]Cmd: MAP CHECKDEP NOCLEARLOG
[2018.02.14-14.05.09:077][603]MapCheck: Map check complete: 0 Error(s), 0 Warning(s), took 112.119ms to complete.
[2018.02.14-14.05.09:077][603]LogFileHelpers: Loading map 'effects' took 20.983
[2018.02.14-14.05.09:418][604]LogSynthBenchmark: Display: FSynthBenchmark (V0.95):  requested WorkScale=5.00
[2018.02.14-14.05.09:418][604]LogSynthBenchmark: Display: ===============
[2018.02.14-14.05.09:418][604]LogSynthBenchmark: Display: Main Processor:
[2018.02.14-14.05.09:725][604]LogSynthBenchmark: Display:          ... 0.033756 s/Run 'RayIntersect'
[2018.02.14-14.05.09:725][604]LogSynthBenchmark: Display:          ... 0.027466 s/Run 'Fractal'
[2018.02.14-14.05.09:725][604]LogSynthBenchmark: Display: 
[2018.02.14-14.05.09:725][604]LogSynthBenchmark: Display:   CompiledTarget_x_Bits: 64
[2018.02.14-14.05.09:725][604]LogSynthBenchmark: Display:   UE_BUILD_SHIPPING: 0
[2018.02.14-14.05.09:725][604]LogSynthBenchmark: Display:   UE_BUILD_TEST: 0
[2018.02.14-14.05.09:725][604]LogSynthBenchmark: Display:   UE_BUILD_DEBUG: 0
[2018.02.14-14.05.09:725][604]LogSynthBenchmark: Display:   TotalPhysicalGBRam: 16
[2018.02.14-14.05.09:725][604]LogSynthBenchmark: Display:   NumberOfCores (physical): 6
[2018.02.14-14.05.09:725][604]LogSynthBenchmark: Display:   NumberOfCores (logical): 12
[2018.02.14-14.05.09:725][604]LogSynthBenchmark: Display:   CPU Perf Index 0: 75.9 (weight 1.00)
[2018.02.14-14.05.09:725][604]LogSynthBenchmark: Display:   CPU Perf Index 1: 104.1 (weight 1.50)
[2018.02.14-14.05.09:725][604]LogSynthBenchmark: Display:  
[2018.02.14-14.05.09:725][604]LogSynthBenchmark: Display: Graphics:
[2018.02.14-14.05.09:725][604]LogSynthBenchmark: Display:   Adapter Name: 'NVIDIA Quadro K4200'
[2018.02.14-14.05.09:725][604]LogSynthBenchmark: Display:   (On Optimus the name might be wrong, memory should be ok)
[2018.02.14-14.05.09:725][604]LogSynthBenchmark: Display:   Vendor Id: 0x10DE
[2018.02.14-14.05.09:725][604]LogSynthBenchmark: Display:   Device Id: 0x11B4
[2018.02.14-14.05.09:725][604]LogSynthBenchmark: Display:   Device Revision: 0xA1
[2018.02.14-14.05.09:725][604]LogSynthBenchmark: Display:   GPU Memory: 4028/0/7899 MB
[2018.02.14-14.05.09:962][604]LogSynthBenchmark: Display:   GPU first test: 0.11s
[2018.02.14-14.05.09:962][604]LogSynthBenchmark: Display:          ... 1.054 s/GigaPix, Confidence=100% 'ALUHeavyNoise' (likely to be very inaccurate)
[2018.02.14-14.05.09:962][604]LogSynthBenchmark: Display:          ... 1.463 s/GigaPix, Confidence=100% 'TexHeavy' (likely to be very inaccurate)
[2018.02.14-14.05.09:962][604]LogSynthBenchmark: Display:          ... 0.814 s/GigaPix, Confidence=100% 'DepTexHeavy' (likely to be very inaccurate)
[2018.02.14-14.05.09:962][604]LogSynthBenchmark: Display:          ... 2.565 s/GigaPix, Confidence=100% 'FillOnly' (likely to be very inaccurate)
[2018.02.14-14.05.09:962][604]LogSynthBenchmark: Display:          ... 0.248 s/GigaPix, Confidence=100% 'Bandwidth' (likely to be very inaccurate)
[2018.02.14-14.05.09:962][604]LogSynthBenchmark: Display:          ... 0.242 s/GigaVert, Confidence=89% 'VertThroughPut1' (likely to be very inaccurate)
[2018.02.14-14.05.09:962][604]LogSynthBenchmark: Display:          ... 0.948 s/GigaVert, Confidence=100% 'VertThroughPut2' (likely to be very inaccurate)
[2018.02.14-14.05.09:962][604]LogSynthBenchmark: Display:   GPU Final Results:
[2018.02.14-14.05.09:962][604]LogSynthBenchmark: Display:          ... 1.054 s/GigaPix, Confidence=100% 'ALUHeavyNoise'
[2018.02.14-14.05.09:962][604]LogSynthBenchmark: Display:          ... 1.463 s/GigaPix, Confidence=100% 'TexHeavy'
[2018.02.14-14.05.09:962][604]LogSynthBenchmark: Display:          ... 0.814 s/GigaPix, Confidence=100% 'DepTexHeavy'
[2018.02.14-14.05.09:962][604]LogSynthBenchmark: Display:          ... 2.565 s/GigaPix, Confidence=100% 'FillOnly'
[2018.02.14-14.05.09:962][604]LogSynthBenchmark: Display:          ... 0.248 s/GigaPix, Confidence=100% 'Bandwidth'
[2018.02.14-14.05.09:962][604]LogSynthBenchmark: Display:          ... 0.242 s/GigaVert, Confidence=89% 'VertThroughPut1'
[2018.02.14-14.05.09:962][604]LogSynthBenchmark: Display:          ... 0.948 s/GigaVert, Confidence=100% 'VertThroughPut2'
[2018.02.14-14.05.09:962][604]LogSynthBenchmark: Display: 
[2018.02.14-14.05.09:962][604]LogSynthBenchmark: Display:   GPU Perf Index 0: 22.9 (weight 1.00)
[2018.02.14-14.05.09:962][604]LogSynthBenchmark: Display:   GPU Perf Index 1: 19.6 (weight 0.10)
[2018.02.14-14.05.09:962][604]LogSynthBenchmark: Display:   GPU Perf Index 2: 21.2 (weight 0.10)
[2018.02.14-14.05.09:962][604]LogSynthBenchmark: Display:   GPU Perf Index 3: 10.1 (weight 3.00)
[2018.02.14-14.05.09:962][604]LogSynthBenchmark: Display:   GPU Perf Index 4: 23.2 (weight 1.00)
[2018.02.14-14.05.09:962][604]LogSynthBenchmark: Display:   GPU Perf Index 5: 15.8 (weight 0.00)
[2018.02.14-14.05.09:962][604]LogSynthBenchmark: Display:   GPU Perf Index 6: 53.6 (weight 0.00)
[2018.02.14-14.05.09:963][604]LogSynthBenchmark: Display:   CPUIndex: 92.8
[2018.02.14-14.05.09:963][604]LogSynthBenchmark: Display:   GPUIndex: 15.5
[2018.02.14-14.05.09:963][604]LogSynthBenchmark: Display: 
[2018.02.14-14.05.09:963][604]LogSynthBenchmark: Display:          ... Total Time: 0.544044 sec
[2018.02.14-14.05.09:969][604]LogWindows: FWindowsPlatformSurvey::TickSurveyHardware() WinSAT assessment unavailable. Unable to examine some hardware metrics. Run the Windows Experience Index Assessment.
[2018.02.14-14.05.30:176][436]LogSlate: Took 0.078051 seconds to synchronously load lazily loaded font '../../../Engine/Content/Editor/Slate/Fonts/Roboto-BoldCondensed.ttf' (158K)
[2018.02.14-14.18.53:147][404]Running C:/Program Files/Epic Games/UE_4.18/Engine/Binaries/DotNET/UnrealBuildTool.exe Abeyance Win64 Development -editorrecompile "D:/ZackShortt/Abeyance/Abeyance.uproject" -invalidatemakefilesonly
[2018.02.14-14.18.53:579][404]Couldn't parse '<<<<<<< HEAD' in UnrealBuildTool.ConfigFileSection of D:\ZackShortt\Abeyance\Config\DefaultEngine.ini
[2018.02.14-14.18.53:579][404]Couldn't parse '=======' in UnrealBuildTool.ConfigFileSection of D:\ZackShortt\Abeyance\Config\DefaultEngine.ini
[2018.02.14-14.18.53:579][404]Couldn't parse '>>>>>>> e1b3e770446ed7dc172b2227abdb48321f42ada9' in UnrealBuildTool.ConfigFileSection of D:\ZackShortt\Abeyance\Config\DefaultEngine.ini
[2018.02.14-14.18.53:779][404]Invalidating makefiles only in this run.
[2018.02.14-14.18.53:937][404]Candidate modules for hot reload:
[2018.02.14-14.18.53:937][404]  Abeyance
[2018.02.14-14.18.53:937][404]Launching UnrealBuildTool... [C:/Program Files/Epic Games/UE_4.18/Engine/Binaries/DotNET/UnrealBuildTool.exe Abeyance -ModuleWithSuffix Abeyance 6120 Win64 Development -editorrecompile -canskiplink "D:/ZackShortt/Abeyance/Abeyance.uproject" ]
[2018.02.14-14.20.50:123][404]CompilerResultsLog: New page: Compilation - Feb 14, 2018, 12:20:50 AM
[2018.02.14-14.20.50:123][404]CompilerResultsLog: Couldn't parse '<<<<<<< HEAD' in UnrealBuildTool.ConfigFileSection of D:\ZackShortt\Abeyance\Config\DefaultEngine.ini
[2018.02.14-14.20.50:123][404]CompilerResultsLog: Couldn't parse '=======' in UnrealBuildTool.ConfigFileSection of D:\ZackShortt\Abeyance\Config\DefaultEngine.ini
[2018.02.14-14.20.50:123][404]CompilerResultsLog: Couldn't parse '>>>>>>> e1b3e770446ed7dc172b2227abdb48321f42ada9' in UnrealBuildTool.ConfigFileSection of D:\ZackShortt\Abeyance\Config\DefaultEngine.ini
[2018.02.14-14.20.50:124][404]CompilerResultsLog: Performing full C++ include scan (hot reloading a new target)
[2018.02.14-14.20.50:124][404]CompilerResultsLog: Using 'git status' to determine working set for adaptive non-unity build.
[2018.02.14-14.20.50:124][404]CompilerResultsLog: Creating makefile for hot reloading Abeyance (no existing makefile)
[2018.02.14-14.20.50:124][404]CompilerResultsLog: Compiling game modules for hot reload
[2018.02.14-14.20.50:124][404]CompilerResultsLog: Parsing headers for AbeyanceEditor
[2018.02.14-14.20.50:124][404]CompilerResultsLog:   Running UnrealHeaderTool "D:\ZackShortt\Abeyance\Abeyance.uproject" "D:\ZackShortt\Abeyance\Intermediate\Build\Win64\AbeyanceEditor\Development\AbeyanceEditor.uhtmanifest" -LogCmds="loginit warning, logexit warning, logdatabase error" -Unattended -WarningsAsErrors -installed
[2018.02.14-14.20.50:124][404]CompilerResultsLog: Reflection code generated for AbeyanceEditor in 13.3924931 seconds
[2018.02.14-14.20.50:124][404]CompilerResultsLog: Distributing 13 actions to XGE
[2018.02.14-14.20.50:124][404]CompilerResultsLog: --------------------Build System Warning---------------------------------------
[2018.02.14-14.20.50:124][404]CompilerResultsLog: License is invalid:
[2018.02.14-14.20.50:124][404]CompilerResultsLog:     License information is invalid. Please try reloading your license file using the Coordinator Monitor application on the Coordinator machine, or reinstall IncrediBuild.
[2018.02.14-14.20.50:124][404]CompilerResultsLog:     This build will run in standalone mode.
[2018.02.14-14.20.50:138][404]CompilerResultsLog: 
[2018.02.14-14.20.50:138][404]CompilerResultsLog: -------------------------------------------------------------------------------
[2018.02.14-14.20.50:138][404]CompilerResultsLog: --------------------Project: Default-------------------------------------------
[2018.02.14-14.20.50:138][404]CompilerResultsLog: SharedPCH.Engine.cpp (1:09.68 at +0:00)
[2018.02.14-14.20.50:138][404]CompilerResultsLog: Abeyance.cpp (0:00.99 at +1:09)
[2018.02.14-14.20.50:138][404]CompilerResultsLog: BaseCharacter.cpp (0:01.17 at +1:10)
[2018.02.14-14.20.50:138][404]CompilerResultsLog: BaseEnemy.cpp (0:00.82 at +1:11)
[2018.02.14-14.20.50:138][404]CompilerResultsLog: Laser.cpp (0:00.73 at +1:12)
[2018.02.14-14.20.50:138][404]CompilerResultsLog: Abeyance.init.gen.cpp (0:01.20 at +1:13)
[2018.02.14-14.20.50:139][404]CompilerResultsLog: BaseCharacter.gen.cpp (0:01.03 at +1:14)
[2018.02.14-14.20.50:139][404]CompilerResultsLog: BaseEnemy.gen.cpp (0:00.99 at +1:15)
[2018.02.14-14.20.50:139][404]CompilerResultsLog: Laser.gen.cpp (0:00.81 at +1:16)
[2018.02.14-14.20.50:139][404]CompilerResultsLog: ModuleVersionResource.rc.inl (0:00.28 at +1:17)
[2018.02.14-14.20.50:139][404]CompilerResultsLog: PCLaunch.rc (0:00.34 at +1:17)
[2018.02.14-14.20.50:139][404]CompilerResultsLog: UE4Editor-Abeyance-6120.dll (0:02.15 at +1:18)
[2018.02.14-14.20.50:139][404]CompilerResultsLog:    Creating library D:\ZackShortt\Abeyance\Intermediate\Build\Win64\UE4Editor\Development\UE4Editor-Abeyance-6120.suppressed.lib and object D:\ZackShortt\Abeyance\Intermediate\Build\Win64\UE4Editor\Development\UE4Editor-Abeyance-6120.suppressed.exp
[2018.02.14-14.20.50:139][404]CompilerResultsLog: UE4Editor-Abeyance-6120.lib (0:00.45 at +1:20)
[2018.02.14-14.20.50:139][404]CompilerResultsLog:    Creating library D:\ZackShortt\Abeyance\Intermediate\Build\Win64\UE4Editor\Development\UE4Editor-Abeyance-6120.lib and object D:\ZackShortt\Abeyance\Intermediate\Build\Win64\UE4Editor\Development\UE4Editor-Abeyance-6120.exp
[2018.02.14-14.20.50:139][404]CompilerResultsLog: ---------------------- Done ----------------------
[2018.02.14-14.20.50:139][404]CompilerResultsLog: 
[2018.02.14-14.20.50:139][404]CompilerResultsLog:     Rebuild All: 1 succeeded, 0 failed, 0 skipped
[2018.02.14-14.20.50:139][404]CompilerResultsLog: 
[2018.02.14-14.20.50:139][404]CompilerResultsLog: 1 build system warning(s):
[2018.02.14-14.20.50:139][404]CompilerResultsLog:    - License is invalid
[2018.02.14-14.20.50:139][404]CompilerResultsLog: 
[2018.02.14-14.20.50:139][404]CompilerResultsLog: 
[2018.02.14-14.20.50:139][404]CompilerResultsLog: 
[2018.02.14-14.20.50:139][404]CompilerResultsLog: Total build time: 115.78 seconds (XGE executor: 81.48 seconds)
[2018.02.14-14.20.50:139][404]LogMainFrame: MainFrame: Module compiling took 116.209 seconds
[2018.02.14-14.20.50:241][404]LogClass: Could not find existing class Laser in package /Script/Abeyance for HotReload, assuming new class
[2018.02.14-14.20.50:245][404]LogContentBrowser: Native class hierarchy updated for 'Abeyance' in 0.0007 seconds. Added 3 classes and 2 folders.
[2018.02.14-14.20.50:246][404]Display: HotReload successful (7 functions remapped  0 scriptstructs remapped)
[2018.02.14-14.20.50:388][404]LogContentBrowser: Native class hierarchy populated in 0.0131 seconds. Added 2368 classes and 525 folders.
[2018.02.14-14.20.50:401][404]Display: HotReload took 116.5s.
[2018.02.14-14.20.50:404][404]Warning: HotReload operation took 116.5s.
[2018.02.14-14.20.52:343][404]LogVSAccessor: Warning: Couldn't goto line number '0' in 'D:/ZackShortt/Abeyance/Source/Abeyance/Laser.h'
[2018.02.14-14.20.52:446][404]LogVSAccessor: Warning: Couldn't goto line number '0' in 'D:/ZackShortt/Abeyance/Source/Abeyance/Laser.cpp'
[2018.02.14-14.20.52:466][404]LogHotReload: New module detected: UE4Editor-Abeyance-6120.dll
[2018.02.14-14.20.52:751][405]LogHotReload: Starting Hot-Reload from IDE
[2018.02.14-14.20.52:886][405]LogContentBrowser: Native class hierarchy updated for 'Abeyance' in 0.0007 seconds. Added 3 classes and 2 folders.
[2018.02.14-14.20.52:887][405]Display: HotReload successful (0 functions remapped  0 scriptstructs remapped)
[2018.02.14-14.20.52:918][405]LogContentBrowser: Native class hierarchy populated in 0.0121 seconds. Added 2368 classes and 525 folders.
[2018.02.14-14.20.52:933][405]Display: HotReload took  0.2s.
