Log file open, 02/01/18 17:26:19
LogWindows: Failed to load 'aqProf.dll' (GetLastError=126)
LogWindows: File 'aqProf.dll' does not exist
LogWindows: Failed to load 'VSPerf140.dll' (GetLastError=126)
LogWindows: File 'VSPerf140.dll' does not exist
LogWindows: Failed to load 'VtuneApi.dll' (GetLastError=126)
LogWindows: File 'VtuneApi.dll' does not exist
LogWindows: Failed to load 'VtuneApi32e.dll' (GetLastError=126)
LogWindows: File 'VtuneApi32e.dll' does not exist
LogInit: Display: Running engine for game: Abeyance
LogPlatformFile: Not using cached read wrapper
LogInit: Display: RandInit(-95805322) SRandInit(-95805322).
LogInit: Read version file with build ID '3709383'
LogInit: Overriding engine version to CL 3794801, compatible CL 3709383
LogInit: Registered custom module enumerator with build ID '3709383'
LogTaskGraph: Started task graph with 5 named threads and 20 total threads with 3 sets of task threads.
LogStats: Stats thread started at 0.274085
LogD3D11RHI: Aftermath initialized
LogPluginManager: Mounting plugin Paper2D
LogPluginManager: Mounting plugin LightPropagationVolume
LogPluginManager: Mounting plugin CodeLiteSourceCodeAccess
LogPluginManager: Mounting plugin GitSourceControl
LogPluginManager: Mounting plugin KDevelopSourceCodeAccess
LogPluginManager: Mounting plugin NullSourceCodeAccess
LogPluginManager: Mounting plugin PerforceSourceControl
LogPluginManager: Mounting plugin SubversionSourceControl
LogPluginManager: Mounting plugin UObjectPlugin
LogPluginManager: Mounting plugin VisualStudioCodeSourceCodeAccess
LogPluginManager: Mounting plugin VisualStudioSourceCodeAccess
LogPluginManager: Mounting plugin XCodeSourceCodeAccess
LogPluginManager: Mounting plugin AssetManagerEditor
LogPluginManager: Mounting plugin AudioCapture
LogPluginManager: Mounting plugin FacialAnimation
LogPluginManager: Mounting plugin GameplayTagsEditor
LogPluginManager: Mounting plugin MobileLauncherProfileWizard
LogPluginManager: Mounting plugin PluginBrowser
LogPluginManager: Mounting plugin SpeedTreeImporter
LogPluginManager: Mounting plugin AlembicImporter
LogPluginManager: Mounting plugin CharacterAI
LogPluginManager: Mounting plugin HTML5Networking
LogPluginManager: Mounting plugin AndroidMedia
LogPluginManager: Mounting plugin AvfMedia
LogPluginManager: Mounting plugin ImgMedia
LogPluginManager: Mounting plugin MediaCompositing
LogPluginManager: Mounting plugin MediaPlayerEditor
LogPluginManager: Mounting plugin WmfMedia
LogPluginManager: Mounting plugin TcpMessaging
LogPluginManager: Mounting plugin UdpMessaging
LogPluginManager: Mounting plugin ActorSequence
LogPluginManager: Mounting plugin LevelSequenceEditor
LogPluginManager: Mounting plugin MatineeToLevelSequence
LogPluginManager: Mounting plugin OnlineSubsystemGooglePlay
LogPluginManager: Mounting plugin OnlineSubsystemIOS
LogPluginManager: Mounting plugin OnlineSubsystem
LogPluginManager: Mounting plugin OnlineSubsystemNull
LogPluginManager: Mounting plugin OnlineSubsystemUtils
LogPluginManager: Mounting plugin AndroidDeviceProfileSelector
LogPluginManager: Mounting plugin AndroidMoviePlayer
LogPluginManager: Mounting plugin AndroidPermission
LogPluginManager: Mounting plugin AppleARKit
LogPluginManager: Mounting plugin AppleMoviePlayer
LogPluginManager: Mounting plugin ArchVisCharacter
LogPluginManager: Mounting plugin CableComponent
LogPluginManager: Mounting plugin CustomMeshComponent
LogPluginManager: Mounting plugin ExampleDeviceProfileSelector
LogPluginManager: Mounting plugin GoogleCloudMessaging
LogPluginManager: Mounting plugin ImmediatePhysics
LogPluginManager: Mounting plugin IOSDeviceProfileSelector
LogPluginManager: Mounting plugin LinuxDeviceProfileSelector
LogPluginManager: Mounting plugin LocationServicesBPLibrary
LogPluginManager: Mounting plugin MobilePatchingUtils
LogPluginManager: Mounting plugin OculusVR
LogPluginManager: Plugin shader directory ../../../Engine/Plugins/Runtime/Oculus/OculusVR/Shaders found
LogPluginManager: Mapping shader source directory ../../../Engine/Plugins/Runtime/Oculus/OculusVR/Shaders to virtual directory /Plugin/OculusVR
LogPluginManager: Mounting plugin PhysXVehicles
LogPluginManager: Mounting plugin ProceduralMeshComponent
LogPluginManager: Mounting plugin RuntimePhysXCooking
LogPluginManager: Mounting plugin SteamVR
LogPluginManager: Mounting plugin WindowsMoviePlayer
LogModuleManager: Display: Found up-to-date module file D:/TomasRigaux/Unreal Projects/Abeyance/Binaries/Win64/UE4Editor-Abeyance.dll (API version 3709383).
LogModuleManager: Display: Found up-to-date module file ../../../Engine/Plugins/2D/Paper2D/Binaries/Win64/UE4Editor-Paper2D.dll (API version 3709383).
LogModuleManager: Display: Found up-to-date module file ../../../Engine/Plugins/2D/Paper2D/Binaries/Win64/UE4Editor-Paper2DEditor.dll (API version 3709383).
LogModuleManager: Display: Found up-to-date module file ../../../Engine/Plugins/2D/Paper2D/Binaries/Win64/UE4Editor-PaperSpriteSheetImporter.dll (API version 3709383).
LogModuleManager: Display: Found up-to-date module file ../../../Engine/Plugins/2D/Paper2D/Binaries/Win64/UE4Editor-PaperTiledImporter.dll (API version 3709383).
LogModuleManager: Display: Found up-to-date module file ../../../Engine/Plugins/2D/Paper2D/Binaries/Win64/UE4Editor-SmartSnapping.dll (API version 3709383).
LogModuleManager: Display: Found up-to-date module file ../../../Engine/Plugins/Blendables/LightPropagationVolume/Binaries/Win64/UE4Editor-LightPropagationVolumeRuntime.dll (API version 3709383).
LogModuleManager: Display: Found up-to-date module file ../../../Engine/Plugins/Blendables/LightPropagationVolume/Binaries/Win64/UE4Editor-LightPropagationVolumeEditor.dll (API version 3709383).
LogModuleManager: Display: Found up-to-date module file ../../../Engine/Plugins/Developer/GitSourceControl/Binaries/Win64/UE4Editor-GitSourceControl.dll (API version 3709383).
LogModuleManager: Display: Found up-to-date module file ../../../Engine/Plugins/Developer/PerforceSourceControl/Binaries/Win64/UE4Editor-PerforceSourceControl.dll (API version 3709383).
LogModuleManager: Display: Found up-to-date module file ../../../Engine/Plugins/Developer/SubversionSourceControl/Binaries/Win64/UE4Editor-SubversionSourceControl.dll (API version 3709383).
LogModuleManager: Display: Found up-to-date module file ../../../Engine/Plugins/Developer/UObjectPlugin/Binaries/Win64/UE4Editor-UObjectPlugin.dll (API version 3709383).
LogModuleManager: Display: Found up-to-date module file ../../../Engine/Plugins/Developer/VisualStudioCodeSourceCodeAccess/Binaries/Win64/UE4Editor-VisualStudioCodeSourceCodeAccess.dll (API version 3709383).
LogModuleManager: Display: Found up-to-date module file ../../../Engine/Plugins/Developer/VisualStudioSourceCodeAccess/Binaries/Win64/UE4Editor-VisualStudioSourceCodeAccess.dll (API version 3709383).
LogModuleManager: Display: Found up-to-date module file ../../../Engine/Plugins/Editor/AssetManagerEditor/Binaries/Win64/UE4Editor-AssetManagerEditor.dll (API version 3709383).
LogModuleManager: Display: Found up-to-date module file ../../../Engine/Plugins/Editor/AudioCapture/Binaries/Win64/UE4Editor-AudioCapture.dll (API version 3709383).
LogModuleManager: Display: Found up-to-date module file ../../../Engine/Plugins/Editor/FacialAnimation/Binaries/Win64/UE4Editor-FacialAnimation.dll (API version 3709383).
LogModuleManager: Display: Found up-to-date module file ../../../Engine/Plugins/Editor/FacialAnimation/Binaries/Win64/UE4Editor-FacialAnimationEditor.dll (API version 3709383).
LogModuleManager: Display: Found up-to-date module file ../../../Engine/Plugins/Editor/GameplayTagsEditor/Binaries/Win64/UE4Editor-GameplayTagsEditor.dll (API version 3709383).
LogModuleManager: Display: Found up-to-date module file ../../../Engine/Plugins/Editor/MobileLauncherProfileWizard/Binaries/Win64/UE4Editor-MobileLauncherProfileWizard.dll (API version 3709383).
LogModuleManager: Display: Found up-to-date module file ../../../Engine/Plugins/Editor/PluginBrowser/Binaries/Win64/UE4Editor-PluginBrowser.dll (API version 3709383).
LogModuleManager: Display: Found up-to-date module file ../../../Engine/Plugins/Editor/SpeedTreeImporter/Binaries/Win64/UE4Editor-SpeedTreeImporter.dll (API version 3709383).
LogModuleManager: Display: Found up-to-date module file ../../../Engine/Plugins/Experimental/AlembicImporter/Binaries/Win64/UE4Editor-AlembicImporter.dll (API version 3709383).
LogModuleManager: Display: Found up-to-date module file ../../../Engine/Plugins/Experimental/AlembicImporter/Binaries/Win64/UE4Editor-AlembicLibrary.dll (API version 3709383).
LogModuleManager: Display: Found up-to-date module file ../../../Engine/Plugins/Experimental/CharacterAI/Binaries/Win64/UE4Editor-CharacterAI.dll (API version 3709383).
LogModuleManager: Display: Found up-to-date module file ../../../Engine/Plugins/Experimental/HTML5Networking/Binaries/Win64/UE4Editor-HTML5Networking.dll (API version 3709383).
LogModuleManager: Display: Found up-to-date module file ../../../Engine/Plugins/Media/AndroidMedia/Binaries/Win64/UE4Editor-AndroidMediaEditor.dll (API version 3709383).
LogModuleManager: Display: Found up-to-date module file ../../../Engine/Plugins/Media/AndroidMedia/Binaries/Win64/UE4Editor-AndroidMediaFactory.dll (API version 3709383).
LogModuleManager: Display: Found up-to-date module file ../../../Engine/Plugins/Media/AvfMedia/Binaries/Win64/UE4Editor-AvfMediaEditor.dll (API version 3709383).
LogModuleManager: Display: Found up-to-date module file ../../../Engine/Plugins/Media/AvfMedia/Binaries/Win64/UE4Editor-AvfMediaFactory.dll (API version 3709383).
LogModuleManager: Display: Found up-to-date module file ../../../Engine/Plugins/Media/AvfMedia/Binaries/Win64/UE4Editor-AvfMediaFactory.dll (API version 3709383).
LogModuleManager: Display: Found up-to-date module file ../../../Engine/Plugins/Media/ImgMedia/Binaries/Win64/UE4Editor-ImgMedia.dll (API version 3709383).
LogModuleManager: Display: Found up-to-date module file ../../../Engine/Plugins/Media/ImgMedia/Binaries/Win64/UE4Editor-ImgMediaEditor.dll (API version 3709383).
LogModuleManager: Display: Found up-to-date module file ../../../Engine/Plugins/Media/ImgMedia/Binaries/Win64/UE4Editor-ImgMediaFactory.dll (API version 3709383).
LogModuleManager: Display: Found up-to-date module file ../../../Engine/Plugins/Media/ImgMedia/Binaries/Win64/UE4Editor-ImgMediaFactory.dll (API version 3709383).
LogModuleManager: Display: Found up-to-date module file ../../../Engine/Plugins/Media/ImgMedia/Binaries/Win64/UE4Editor-OpenExrWrapper.dll (API version 3709383).
LogModuleManager: Display: Found up-to-date module file ../../../Engine/Plugins/Media/MediaCompositing/Binaries/Win64/UE4Editor-MediaCompositing.dll (API version 3709383).
LogModuleManager: Display: Found up-to-date module file ../../../Engine/Plugins/Media/MediaCompositing/Binaries/Win64/UE4Editor-MediaCompositingEditor.dll (API version 3709383).
LogModuleManager: Display: Found up-to-date module file ../../../Engine/Plugins/Media/MediaPlayerEditor/Binaries/Win64/UE4Editor-MediaPlayerEditor.dll (API version 3709383).
LogModuleManager: Display: Found up-to-date module file ../../../Engine/Plugins/Media/WmfMedia/Binaries/Win64/UE4Editor-WmfMedia.dll (API version 3709383).
LogModuleManager: Display: Found up-to-date module file ../../../Engine/Plugins/Media/WmfMedia/Binaries/Win64/UE4Editor-WmfMediaEditor.dll (API version 3709383).
LogModuleManager: Display: Found up-to-date module file ../../../Engine/Plugins/Media/WmfMedia/Binaries/Win64/UE4Editor-WmfMediaFactory.dll (API version 3709383).
LogModuleManager: Display: Found up-to-date module file ../../../Engine/Plugins/Media/WmfMedia/Binaries/Win64/UE4Editor-WmfMediaFactory.dll (API version 3709383).
LogModuleManager: Display: Found up-to-date module file ../../../Engine/Plugins/Messaging/TcpMessaging/Binaries/Win64/UE4Editor-TcpMessaging.dll (API version 3709383).
LogModuleManager: Display: Found up-to-date module file ../../../Engine/Plugins/Messaging/UdpMessaging/Binaries/Win64/UE4Editor-UdpMessaging.dll (API version 3709383).
LogModuleManager: Display: Found up-to-date module file ../../../Engine/Plugins/MovieScene/ActorSequence/Binaries/Win64/UE4Editor-ActorSequence.dll (API version 3709383).
LogModuleManager: Display: Found up-to-date module file ../../../Engine/Plugins/MovieScene/LevelSequenceEditor/Binaries/Win64/UE4Editor-LevelSequenceEditor.dll (API version 3709383).
LogModuleManager: Display: Found up-to-date module file ../../../Engine/Plugins/MovieScene/MatineeToLevelSequence/Binaries/Win64/UE4Editor-MatineeToLevelSequence.dll (API version 3709383).
LogModuleManager: Display: Found up-to-date module file ../../../Engine/Plugins/Online/OnlineSubsystem/Binaries/Win64/UE4Editor-OnlineSubsystem.dll (API version 3709383).
LogModuleManager: Display: Found up-to-date module file ../../../Engine/Plugins/Online/OnlineSubsystemNull/Binaries/Win64/UE4Editor-OnlineSubsystemNull.dll (API version 3709383).
LogModuleManager: Display: Found up-to-date module file ../../../Engine/Plugins/Online/OnlineSubsystemUtils/Binaries/Win64/UE4Editor-OnlineSubsystemUtils.dll (API version 3709383).
LogModuleManager: Display: Found up-to-date module file ../../../Engine/Plugins/Online/OnlineSubsystemUtils/Binaries/Win64/UE4Editor-OnlineBlueprintSupport.dll (API version 3709383).
LogModuleManager: Display: Found up-to-date module file ../../../Engine/Plugins/Runtime/AndroidDeviceProfileSelector/Binaries/Win64/UE4Editor-AndroidDeviceProfileSelector.dll (API version 3709383).
LogModuleManager: Display: Found up-to-date module file ../../../Engine/Plugins/Runtime/AndroidPermission/Binaries/Win64/UE4Editor-AndroidPermission.dll (API version 3709383).
LogModuleManager: Display: Found up-to-date module file ../../../Engine/Plugins/Runtime/AppleARKit/Binaries/Win64/UE4Editor-AppleARKit.dll (API version 3709383).
LogModuleManager: Display: Found up-to-date module file ../../../Engine/Plugins/Runtime/ArchVisCharacter/Binaries/Win64/UE4Editor-ArchVisCharacter.dll (API version 3709383).
LogModuleManager: Display: Found up-to-date module file ../../../Engine/Plugins/Runtime/CableComponent/Binaries/Win64/UE4Editor-CableComponent.dll (API version 3709383).
LogModuleManager: Display: Found up-to-date module file ../../../Engine/Plugins/Runtime/CustomMeshComponent/Binaries/Win64/UE4Editor-CustomMeshComponent.dll (API version 3709383).
LogModuleManager: Display: Found up-to-date module file ../../../Engine/Plugins/Runtime/ExampleDeviceProfileSelector/Binaries/Win64/UE4Editor-ExampleDeviceProfileSelector.dll (API version 3709383).
LogModuleManager: Display: Found up-to-date module file ../../../Engine/Plugins/Runtime/ImmediatePhysics/Binaries/Win64/UE4Editor-ImmediatePhysics.dll (API version 3709383).
LogModuleManager: Display: Found up-to-date module file ../../../Engine/Plugins/Runtime/ImmediatePhysics/Binaries/Win64/UE4Editor-ImmediatePhysicsEditor.dll (API version 3709383).
LogModuleManager: Display: Found up-to-date module file ../../../Engine/Plugins/Runtime/LocationServicesBPLibrary/Binaries/Win64/UE4Editor-LocationServicesBPLibrary.dll (API version 3709383).
LogModuleManager: Display: Found up-to-date module file ../../../Engine/Plugins/Runtime/MobilePatchingUtils/Binaries/Win64/UE4Editor-MobilePatchingUtils.dll (API version 3709383).
LogModuleManager: Display: Found up-to-date module file ../../../Engine/Plugins/Runtime/Oculus/OculusVR/Binaries/Win64/UE4Editor-OculusHMD.dll (API version 3709383).
LogModuleManager: Display: Found up-to-date module file ../../../Engine/Plugins/Runtime/Oculus/OculusVR/Binaries/Win64/UE4Editor-OculusInput.dll (API version 3709383).
LogModuleManager: Display: Found up-to-date module file ../../../Engine/Plugins/Runtime/Oculus/OculusVR/Binaries/Win64/UE4Editor-OculusEditor.dll (API version 3709383).
LogModuleManager: Display: Found up-to-date module file ../../../Engine/Plugins/Runtime/PhysXVehicles/Binaries/Win64/UE4Editor-PhysXVehicles.dll (API version 3709383).
LogModuleManager: Display: Found up-to-date module file ../../../Engine/Plugins/Runtime/PhysXVehicles/Binaries/Win64/UE4Editor-PhysXVehiclesEditor.dll (API version 3709383).
LogModuleManager: Display: Found up-to-date module file ../../../Engine/Plugins/Runtime/ProceduralMeshComponent/Binaries/Win64/UE4Editor-ProceduralMeshComponent.dll (API version 3709383).
LogModuleManager: Display: Found up-to-date module file ../../../Engine/Plugins/Runtime/ProceduralMeshComponent/Binaries/Win64/UE4Editor-ProceduralMeshComponentEditor.dll (API version 3709383).
LogModuleManager: Display: Found up-to-date module file ../../../Engine/Plugins/Runtime/RuntimePhysXCooking/Binaries/Win64/UE4Editor-RuntimePhysXCooking.dll (API version 3709383).
LogModuleManager: Display: Found up-to-date module file ../../../Engine/Plugins/Runtime/Steam/SteamVR/Binaries/Win64/UE4Editor-SteamVR.dll (API version 3709383).
LogModuleManager: Display: Found up-to-date module file ../../../Engine/Plugins/Runtime/Steam/SteamVR/Binaries/Win64/UE4Editor-SteamVRController.dll (API version 3709383).
LogModuleManager: Display: Found up-to-date module file ../../../Engine/Plugins/Runtime/WindowsMoviePlayer/Binaries/Win64/UE4Editor-WindowsMoviePlayer.dll (API version 3709383).
LogInit: Using libcurl 7.47.1
LogInit:  - built for x86_64-pc-win32
LogInit:  - supports SSL with OpenSSL/1.0.2g
LogInit:  - supports HTTP deflate (compression) using libz 1.2.8
LogInit:  - other features:
LogInit:      CURL_VERSION_SSL
LogInit:      CURL_VERSION_LIBZ
LogInit:      CURL_VERSION_IPV6
LogInit:      CURL_VERSION_ASYNCHDNS
LogInit:      CURL_VERSION_LARGEFILE
LogInit:      CURL_VERSION_IDN
LogInit:  CurlRequestOptions (configurable via config and command line):
LogInit:  - bVerifyPeer = false  - Libcurl will NOT verify peer certificate
LogInit:  - bUseHttpProxy = false  - Libcurl will NOT use HTTP proxy
LogInit:  - bDontReuseConnections = false  - Libcurl will reuse connections
LogInit:  - CertBundlePath = nullptr  - Libcurl will use whatever was configured at build time.
LogInit: Build: ++UE4+Release-4.18-CL-3794801
LogInit: Engine Version: 4.18.2-3794801+++UE4+Release-4.18
LogInit: Compatible Engine Version: 4.18.0-3709383+++UE4+Release-4.18
LogInit: Net CL: 3709383
LogDevObjectVersion: Number of dev versions registered: 16
LogDevObjectVersion:   Dev-Blueprints (B0D832E4-1F89-4F0D-ACCF-7EB736FD4AA2): 10
LogDevObjectVersion:   Dev-Build (E1C64328-A22C-4D53-A36C-8E866417BD8C): 0
LogDevObjectVersion:   Dev-Core (375EC13C-06E4-48FB-B500-84F0262A717E): 2
LogDevObjectVersion:   Dev-Editor (E4B068ED-F494-42E9-A231-DA0B2E46BB41): 20
LogDevObjectVersion:   Dev-Framework (CFFC743F-43B0-4480-9391-14DF171D2073): 30
LogDevObjectVersion:   Dev-Mobile (B02B49B5-BB20-44E9-A304-32B752E40360): 0
LogDevObjectVersion:   Dev-Networking (A4E4105C-59A1-49B5-A7C5-40C4547EDFEE): 0
LogDevObjectVersion:   Dev-Online (39C831C9-5AE6-47DC-9A44-9C173E1C8E7C): 0
LogDevObjectVersion:   Dev-Physics (78F01B33-EBEA-4F98-B9B4-84EACCB95AA2): 0
LogDevObjectVersion:   Dev-Platform (6631380F-2D4D-43E0-8009-CF276956A95A): 0
LogDevObjectVersion:   Dev-Rendering (12F88B9F-8875-4AFC-A67C-D90C383ABD29): 20
LogDevObjectVersion:   Dev-Sequencer (7B5AE74C-D270-4C10-A958-57980B212A5A): 4
LogDevObjectVersion:   Dev-VR (D7296918-1DD6-4BDD-9DE2-64A83CC13884): 0
LogDevObjectVersion:   Dev-LoadTimes (C2A15278-BFE7-4AFE-6C17-90FF531DF755): 1
LogDevObjectVersion:   Private-Geometry (6EACA3D4-40EC-4CC1-B786-8BED09428FC5): 1
LogDevObjectVersion:   Dev-AnimPhys (29E575DD-E0A3-4627-9D10-D276232CDCEA): 12
LogInit: Compiled (64-bit): Dec  8 2017 02:04:53
LogInit: Compiled with Visual C++: 19.00.24215.01
LogInit: Build Configuration: Development
LogInit: Branch Name: ++UE4+Release-4.18
LogInit: Command line:  
LogInit: Base directory: C:/Program Files/Epic Games/UE_4.18/Engine/Binaries/Win64/
LogInit: Installed Engine Build: 1
LogInit: Presizing for max 8388607 objects, including 0 objects not considered by GC, pre-allocating 0 bytes for permanent pool.
LogInit: Object subsystem initialized
[2018.02.02-00.26.23:410][  0]LogInit: Selected Device Profile: [Windows]
[2018.02.02-00.26.23:417][  0]LogInit: Applying CVar settings loaded from the selected device profile: [Windows]
[2018.02.02-00.26.23:472][  0]LogConfig: Warning: Failed to saved backup for config[DeviceProfiles]
[2018.02.02-00.26.23:553][  0]LogInit: Computer: W700B-R2M2
[2018.02.02-00.26.23:553][  0]LogInit: User: trigaux
[2018.02.02-00.26.23:553][  0]LogInit: CPU Page size=4096, Cores=6
[2018.02.02-00.26.23:553][  0]LogInit: High frequency timer resolution =2.338349 MHz
[2018.02.02-00.26.23:561][  0]LogMemory: Memory total: Physical=15.9GB (16GB approx)
[2018.02.02-00.26.23:561][  0]LogMemory: Platform Memory Stats for Windows
[2018.02.02-00.26.23:561][  0]LogMemory: Process Physical Memory: 275.34 MB used, 275.34 MB peak
[2018.02.02-00.26.23:561][  0]LogMemory: Process Virtual Memory: 276.03 MB used, 276.03 MB peak
[2018.02.02-00.26.23:561][  0]LogMemory: Physical Memory: 3915.80 MB used,  12392.57 MB free, 16308.36 MB total
[2018.02.02-00.26.23:561][  0]LogMemory: Virtual Memory: 634.86 MB used,  12392.57 MB free, 8388608.00 MB total
[2018.02.02-00.26.24:697][  0]LogInit: Using OS detected language (en-CA).
[2018.02.02-00.26.24:697][  0]LogInit: Using OS detected locale (en-CA).
[2018.02.02-00.26.24:921][  0]LogTextLocalizationManager: No specific localization for 'en-CA' exists, so the 'en' localization will be used.
[2018.02.02-00.26.26:066][  0]LogWindows: Failed to load 'shcore.dll' (GetLastError=126)
[2018.02.02-00.26.26:066][  0]LogWindows: File 'shcore.dll' does not exist
[2018.02.02-00.26.26:066][  0]LogInit: Setting process to DPI aware
[2018.02.02-00.26.26:276][  0]LogWindows: Failed to load 'shcore.dll' (GetLastError=126)
[2018.02.02-00.26.26:276][  0]LogWindows: File 'shcore.dll' does not exist
[2018.02.02-00.26.26:276][  0]LogInit: Setting process to DPI aware
[2018.02.02-00.26.31:453][  0]LogD3D11RHI: D3D11 adapters:
[2018.02.02-00.26.31:500][  0]LogD3D11RHI:    0. 'NVIDIA Quadro K4200' (Feature Level 11_0)
[2018.02.02-00.26.31:501][  0]LogD3D11RHI:       4027/0/7898 MB DedicatedVideo/DedicatedSystem/SharedSystem, Outputs:2, VendorId:0x10de
[2018.02.02-00.26.31:501][  0]LogD3D11RHI: Chosen D3D11 Adapter: 0
[2018.02.02-00.26.31:518][  0]LogD3D11RHI: Creating new Direct3DDevice
[2018.02.02-00.26.31:525][  0]LogD3D11RHI:     GPU DeviceId: 0x11b4 (for the marketing name, search the web for "GPU Device Id")
[2018.02.02-00.26.31:525][  0]LogWindows: EnumDisplayDevices:
[2018.02.02-00.26.31:525][  0]LogWindows:    0. 'NVIDIA Quadro K4200' (P:1 D:1)
[2018.02.02-00.26.31:526][  0]LogWindows:    1. 'NVIDIA Quadro K4200' (P:0 D:1)
[2018.02.02-00.26.31:526][  0]LogWindows:    2. 'NVIDIA Quadro K4200' (P:0 D:0)
[2018.02.02-00.26.31:527][  0]LogWindows:    3. 'NVIDIA Quadro K4200' (P:0 D:0)
[2018.02.02-00.26.31:527][  0]LogWindows:    4. 'RDPDD Chained DD' (P:0 D:0)
[2018.02.02-00.26.31:527][  0]LogWindows:    5. 'RDP Encoder Mirror Driver' (P:0 D:0)
[2018.02.02-00.26.31:527][  0]LogWindows:    6. 'RDP Reflector Display Driver' (P:0 D:0)
[2018.02.02-00.26.31:528][  0]LogWindows:    7. 'Mirage Driver' (P:0 D:0)
[2018.02.02-00.26.31:528][  0]LogWindows: DebugString: GetVideoDriverDetailsInvalid PrimaryIsNotTheChoosenAdapter GetVideoDriverDetailsInvalid PrimaryIsNotTheChoosenAdapter GetVideoDriverDetailsInvalid PrimaryIsNotTheChoosenAdapter GetVideoDriverDetailsInvalid PrimaryIsNotTheChoosenAdapter FoundDriverCount:4 
[2018.02.02-00.26.31:528][  0]LogD3D11RHI:     Adapter Name: NVIDIA Quadro K4200
[2018.02.02-00.26.31:528][  0]LogD3D11RHI:   Driver Version: 386.07 (internal:22.21.13.8607, unified:386.07)
[2018.02.02-00.26.31:528][  0]LogD3D11RHI:      Driver Date: 12-19-2017
[2018.02.02-00.26.31:528][  0]LogRHI: Texture pool is 2819 MB (70% of 4027 MB)
[2018.02.02-00.26.31:551][  0]LogD3D11RHI: Async texture creation enabled
[2018.02.02-00.26.31:787][  0]LogD3D11RHI: GPU Timing Frequency: 1000.000000 (Debug: 2 2)
[2018.02.02-00.26.31:995][  0]LogShaderCompilers: Guid format shader working directory is 10 characters bigger than the processId version (D:/TomasRigaux/Unreal Projects/Abeyance/Intermediate/Shaders/WorkingDirectory/8684/).
[2018.02.02-00.26.31:995][  0]LogShaderCompilers: Cleaned the shader compiler working directory 'C:/Users/t.rigaux/AppData/Local/Temp/UnrealShaderWorkingDir/1293C83B4AD1062568F241B85B831BBA/'.
[2018.02.02-00.26.31:998][  0]LogShaderCompilers: Display: Using Local Shader Compiler.
[2018.02.02-00.26.37:737][  0]LogTemp: Display: Loaded TP AllDesktopTargetPlatform
[2018.02.02-00.26.37:834][  0]LogTemp: Display: Loaded TP MacClientTargetPlatform
[2018.02.02-00.26.37:927][  0]LogTemp: Display: Loaded TP MacNoEditorTargetPlatform
[2018.02.02-00.26.38:019][  0]LogTemp: Display: Loaded TP MacServerTargetPlatform
[2018.02.02-00.26.38:189][  0]LogTemp: Display: Loaded TP MacTargetPlatform
[2018.02.02-00.26.38:298][  0]LogTemp: Display: Loaded TP WindowsClientTargetPlatform
[2018.02.02-00.26.38:372][  0]LogTemp: Display: Loaded TP WindowsNoEditorTargetPlatform
[2018.02.02-00.26.38:458][  0]LogTemp: Display: Loaded TP WindowsServerTargetPlatform
[2018.02.02-00.26.38:528][  0]LogTemp: Display: Loaded TP WindowsTargetPlatform
[2018.02.02-00.26.38:619][  0]LogTemp: Display: Loaded TP Android_ASTCTargetPlatform
[2018.02.02-00.26.38:701][  0]LogTemp: Display: Loaded TP Android_ATCTargetPlatform
[2018.02.02-00.26.38:786][  0]LogTemp: Display: Loaded TP Android_DXTTargetPlatform
[2018.02.02-00.26.38:872][  0]LogTemp: Display: Loaded TP Android_ETC1TargetPlatform
[2018.02.02-00.26.38:954][  0]LogTemp: Display: Loaded TP Android_ETC2TargetPlatform
[2018.02.02-00.26.39:143][  0]LogTemp: Display: Loaded TP Android_MultiTargetPlatform
[2018.02.02-00.26.39:143][  0]LogTemp: Display: Loaded TP Android_PVRTCTargetPlatform
[2018.02.02-00.26.39:229][  0]LogTemp: Display: Loaded TP AndroidTargetPlatform
[2018.02.02-00.26.39:298][  0]LogTemp: Display: Loaded TP HTML5TargetPlatform
[2018.02.02-00.26.39:492][  0]LogTemp: Display: Loaded TP IOSTargetPlatform
[2018.02.02-00.26.39:540][  0]LogTemp: Display: Loaded TP TVOSTargetPlatform
[2018.02.02-00.26.39:627][  0]LogTemp: Display: Loaded TP LinuxClientTargetPlatform
[2018.02.02-00.26.39:708][  0]LogTemp: Display: Loaded TP LinuxNoEditorTargetPlatform
[2018.02.02-00.26.39:777][  0]LogTemp: Display: Loaded TP LinuxServerTargetPlatform
[2018.02.02-00.26.39:863][  0]LogTemp: Display: Loaded TP LinuxTargetPlatform
[2018.02.02-00.26.39:863][  0]LogTargetPlatformManager: Display: Building Assets For Windows
[2018.02.02-00.26.41:691][  0]LogDerivedDataCache: Display: Max Cache Size: 512 MB
[2018.02.02-00.26.41:691][  0]LogDerivedDataCache: Display: Starting with empty Boot cache
[2018.02.02-00.26.41:691][  0]LogDerivedDataCache: FDerivedDataBackendGraph:  Pak pak cache file D:/TomasRigaux/Unreal Projects/Abeyance/DerivedDataCache/DDC.ddp not found, will not use a pak cache.
[2018.02.02-00.26.41:691][  0]LogDerivedDataCache: Unable to find inner node Pak for hierarchical cache Hierarchy.
[2018.02.02-00.26.41:691][  0]LogDerivedDataCache: FDerivedDataBackendGraph:  CompressedPak pak cache file D:/TomasRigaux/Unreal Projects/Abeyance/DerivedDataCache/Compressed.ddp not found, will not use a pak cache.
[2018.02.02-00.26.41:691][  0]LogDerivedDataCache: Unable to find inner node CompressedPak for hierarchical cache Hierarchy.
[2018.02.02-00.26.41:764][  0]LogDerivedDataCache: Display: Pak cache opened for reading ../../../Engine/DerivedDataCache/Compressed.ddp.
[2018.02.02-00.26.41:776][  0]LogDerivedDataCache: Using Local data cache path C:/Users/t.rigaux/AppData/Local/UnrealEngine/Common/DerivedDataCache: Writable
[2018.02.02-00.26.41:825][  0]LogMaterial: Verifying Global Shaders for PCD3D_SM5
[2018.02.02-00.26.41:861][  0]LogSlate: Using Freetype 2.6.0
[2018.02.02-00.26.41:957][  0]LogSlate: SlateFontCache - WITH_FREETYPE: 1, WITH_HARFBUZZ: 1
[2018.02.02-00.26.41:957][  0]LogSlate: SlateFontCache - WITH_FREETYPE: 1, WITH_HARFBUZZ: 1
[2018.02.02-00.26.48:682][  0]LogInit: Selected Device Profile: [Windows]
[2018.02.02-00.26.50:620][  0]LogSimplygon: Simplygon DLL not present - disabling.
[2018.02.02-00.26.50:727][  0]LogMeshReduction: Using SimplygonSwarm for distributed automatic mesh merging
[2018.02.02-00.26.50:735][  0]LogMeshReduction: Using QuadricMeshReduction for automatic static mesh reduction
[2018.02.02-00.26.50:735][  0]LogMeshReduction: No automatic skeletal mesh reduction module available
[2018.02.02-00.26.50:735][  0]LogMeshReduction: No automatic mesh merging module available
[2018.02.02-00.26.50:735][  0]LogMeshMerging: No automatic mesh merging module available
[2018.02.02-00.26.50:990][  0]LogMaterial: Missing cached shader map for material WorldGridMaterial, compiling. Is special engine material.
[2018.02.02-00.27.42:937][  0]LogMaterial: Missing cached shader map for material DefaultDeferredDecalMaterial, compiling. 
[2018.02.02-00.27.53:217][  0]LogMaterial: Missing cached shader map for material DefaultLightFunctionMaterial, compiling. 
[2018.02.02-00.27.54:379][  0]LogMaterial: Missing cached shader map for material DefaultPostProcessMaterial, compiling. 
[2018.02.02-00.27.55:053][  0]LogMaterial: Missing cached shader map for material MatineeCam_mat, compiling. 
[2018.02.02-00.27.55:390][  0]LogNetVersion: Abeyance , NetCL: 3709383, EngineNetVer: 2, GameNetVer: 0 (Checksum: 2761998163)
[2018.02.02-00.27.55:728][  0]LogMaterial: Missing cached shader map for material HelpActorMaterial, compiling. 
[2018.02.02-00.27.57:350][  0]LogMaterial: Missing cached shader map for material DefaultTextMaterialOpaque, compiling. 
[2018.02.02-00.27.58:091][  0]LogAssetRegistry: FAssetRegistry took 0.0898 seconds to start up
[2018.02.02-00.27.59:582][  0]LogMaterial: Missing cached shader map for material Widget3DPassThrough, compiling. 
[2018.02.02-00.27.59:609][  0]LogMaterial: Missing cached shader map for material Widget3DPassThrough, compiling. 
[2018.02.02-00.27.59:705][  0]LogMaterial: Missing cached shader map for material Widget3DPassThrough, compiling. 
[2018.02.02-00.27.59:771][  0]LogMaterial: Missing cached shader map for material Widget3DPassThrough, compiling. 
[2018.02.02-00.27.59:807][  0]LogMaterial: Missing cached shader map for material Widget3DPassThrough, compiling. 
[2018.02.02-00.27.59:863][  0]LogMaterial: Missing cached shader map for material Widget3DPassThrough, compiling. 
[2018.02.02-00.28.00:366][  0]LogMaterial: Missing cached shader map for material CineMat, compiling. 
[2018.02.02-00.28.00:801][  0]LogMaterial: Missing cached shader map for material M_SimpleOpaque, compiling. 
[2018.02.02-00.28.00:968][  0]LogMaterial: Missing cached shader map for material M_SimpleTranslucent, compiling. 
[2018.02.02-00.28.02:715][  0]LogMaterial: Missing cached shader map for material TranslucentTransformGizmoMaterial, compiling. 
[2018.02.02-00.28.02:742][  0]LogMaterial: Missing cached shader map for material TransformGizmoMaterial, compiling. 
[2018.02.02-00.28.02:760][  0]LogMaterial: Missing cached shader map for material SnapGridMaterial, compiling. 
[2018.02.02-00.28.03:105][  0]LogMaterial: Missing cached shader map for material Xray, compiling. 
[2018.02.02-00.28.03:188][  0]LogMaterial: Missing cached shader map for material Main, compiling. 
[2018.02.02-00.28.04:586][  0]LogMaterial: Missing cached shader map for material SkySphereMaterial, compiling. 
[2018.02.02-00.28.04:701][  0]LogMaterial: Missing cached shader map for material FloorPlaneMaterial, compiling. 
[2018.02.02-00.28.05:674][  0]LogMaterial: Missing cached shader map for material LandscapeGizmo_Mat, compiling. 
[2018.02.02-00.28.05:822][  0]LogMaterial: Missing cached shader map for material LandscapeGizmoHeight_Mat, compiling. 
[2018.02.02-00.28.06:099][  0]LogMaterial: Missing cached shader map for material SplineEditorMeshMat, compiling. 
[2018.02.02-00.28.06:435][  0]LogMaterial: Missing cached shader map for material ARKitCameraMaterial, compiling. 
[2018.02.02-00.28.06:643][  0]LogMaterial: Missing cached shader map for material GearVRControllerMaterial, compiling. 
[2018.02.02-00.28.06:967][  0]LogPackageLocalizationCache: Processed 7 localized package path(s) for 2 prioritized culture(s) in 0.149761 seconds
[2018.02.02-00.28.06:997][  0]LogUObjectArray: 35900 objects as part of root set at end of initial load.
[2018.02.02-00.28.06:997][  0]LogUObjectAllocator: 7372024 out of 0 bytes used by permanent object pool.
[2018.02.02-00.28.06:997][  0]LogUObjectArray: CloseDisregardForGC: 0/0 objects in disregard for GC pool
[2018.02.02-00.28.07:164][  0]LogInit: WinSock: version 1.1 (2.2), MaxSocks=32767, MaxUdp=65467
[2018.02.02-00.28.27:308][  0]LogMaterial: Missing cached shader map for material KeyDiskMaterial, compiling. 
[2018.02.02-00.28.27:371][  0]LogMaterial: Missing cached shader map for material GridMaterial, compiling. 
[2018.02.02-00.28.27:394][  0]LogMaterial: Missing cached shader map for material VRTextMaterial, compiling. 
[2018.02.02-00.28.27:428][  0]LogMaterial: Missing cached shader map for material GridPostProcess, compiling. 
[2018.02.02-00.28.27:597][  0]LogMaterial: Missing cached shader map for material OculusControllerMaterial, compiling. 
[2018.02.02-00.28.27:646][  0]LogMaterial: Missing cached shader map for material LaserPointerMaterial, compiling. 
[2018.02.02-00.28.27:694][  0]LogMaterial: Missing cached shader map for material LaserPointerMaterial, compiling. 
[2018.02.02-00.28.27:801][  0]LogMaterial: Missing cached shader map for material VivePreControllerMaterial, compiling. 
[2018.02.02-00.28.27:961][  0]LogMaterial: Missing cached shader map for material GenericHMDMaterial, compiling. 
[2018.02.02-00.28.28:088][  0]LogMaterial: Missing cached shader map for material TeleportDirectionMaterial, compiling. 
[2018.02.02-00.28.28:226][  0]LogMaterial: Missing cached shader map for material M_ContentWindow, compiling. 
[2018.02.02-00.28.28:440][  0]LogMaterial: Missing cached shader map for material FlattenHeightMat, compiling. 
[2018.02.02-00.28.28:485][  0]LogMaterial: Missing cached shader map for material ArrowMaterial, compiling. 
[2018.02.02-00.28.28:659][  0]LogMaterial: Missing cached shader map for material LineMaterial, compiling. 
[2018.02.02-00.28.28:761][  0]LogMaterial: Missing cached shader map for material VRTextMaterial, compiling. 
[2018.02.02-00.28.33:446][  0]LogMaterial: Missing cached shader map for material DefaultSpriteMaterial, compiling. 
[2018.02.02-00.28.33:513][  0]LogMaterial: Missing cached shader map for material DefaultSpriteMaterial, compiling. 
[2018.02.02-00.28.35:450][  0]LogTcpMessaging: Initializing TcpMessaging bridge
[2018.02.02-00.28.35:570][  0]LogUdpMessaging: Initializing bridge on interface 0.0.0.0:0 to multicast group 230.0.0.1:6666.
[2018.02.02-00.28.37:250][  0]LogMaterial: Missing cached shader map for material DefaultMaterial, compiling. 
[2018.02.02-00.28.41:344][  0]LogMaterial: Missing cached shader map for material BaseColor, compiling. 
[2018.02.02-00.28.41:410][  0]LogMaterial: Missing cached shader map for material CustomDepth, compiling. 
[2018.02.02-00.28.41:626][  0]LogMaterial: Uniform references updated for custom material expression Custom.
[2018.02.02-00.28.41:644][  0]LogMaterial: Missing cached shader map for material CustomStencil, compiling. 
[2018.02.02-00.28.41:703][  0]LogMaterial: Missing cached shader map for material FinalImage, compiling. 
[2018.02.02-00.28.41:745][  0]LogMaterial: Missing cached shader map for material LightingModel, compiling. 
[2018.02.02-00.28.41:790][  0]LogMaterial: Missing cached shader map for material MaterialAO, compiling. 
[2018.02.02-00.28.41:855][  0]LogMaterial: Missing cached shader map for material Metallic, compiling. 
[2018.02.02-00.28.41:921][  0]LogMaterial: Missing cached shader map for material Opacity, compiling. 
[2018.02.02-00.28.41:985][  0]LogMaterial: Missing cached shader map for material Roughness, compiling. 
[2018.02.02-00.28.42:057][  0]LogMaterial: Missing cached shader map for material SceneColor, compiling. 
[2018.02.02-00.28.42:154][  0]LogMaterial: Missing cached shader map for material SceneDepth, compiling. 
[2018.02.02-00.28.42:226][  0]LogMaterial: Missing cached shader map for material SeparateTranslucencyRGB, compiling. 
[2018.02.02-00.28.42:259][  0]LogMaterial: Missing cached shader map for material SeparateTranslucencyA, compiling. 
[2018.02.02-00.28.42:297][  0]LogMaterial: Missing cached shader map for material Specular, compiling. 
[2018.02.02-00.28.42:354][  0]LogMaterial: Missing cached shader map for material SubsurfaceColor, compiling. 
[2018.02.02-00.28.42:392][  0]LogMaterial: Missing cached shader map for material WorldNormal, compiling. 
[2018.02.02-00.28.42:484][  0]LogMaterial: Missing cached shader map for material AmbientOcclusion, compiling. 
[2018.02.02-00.28.42:606][  0]LogMaterial: Missing cached shader map for material CustomDepthWorldUnits, compiling. 
[2018.02.02-00.28.42:690][  0]LogMaterial: Missing cached shader map for material SceneDepthWorldUnits, compiling. 
[2018.02.02-00.28.42:760][  0]LogMaterial: Missing cached shader map for material PreTonemapHDRColor, compiling. 
[2018.02.02-00.28.42:795][  0]LogMaterial: Missing cached shader map for material PostTonemapHDRColor, compiling. 
[2018.02.02-00.28.45:388][  0]SourceControl: Source control is disabled
[2018.02.02-00.28.50:625][  0]LogMaterial: Missing cached shader map for material DefaultMediaPlaneMaterial, compiling. 
[2018.02.02-00.28.52:198][  0]LogAndroidPermission: UAndroidPermissionCallbackProxy::GetInstance
[2018.02.02-00.28.53:406][  0]LogOcInput: OculusInput pre-init called
[2018.02.02-00.28.54:898][  0]LogMaterial: Missing cached shader map for material HighResScreenshot, compiling. 
[2018.02.02-00.28.55:004][  0]LogMaterial: Missing cached shader map for material HighResScreenshotMask, compiling. 
[2018.02.02-00.28.55:090][  0]LogMaterial: Missing cached shader map for material HighResScreenshotCaptureRegion, compiling. 
[2018.02.02-00.28.55:364][  0]LogEngine: Initializing Engine...
[2018.02.02-00.28.55:419][  0]LogHMD: Failed to initialize OpenVR with code 110
[2018.02.02-00.28.55:484][  0]LogMaterial: Missing cached shader map for material WireframeMaterial, compiling. Is special engine material.
[2018.02.02-00.28.56:513][  0]LogMaterial: Missing cached shader map for material LevelColorationLitMaterial, compiling. Is special engine material.
[2018.02.02-00.28.59:079][  0]LogMaterial: Missing cached shader map for material LevelColorationUnlitMaterial, compiling. Is special engine material.
[2018.02.02-00.28.59:557][  0]LogMaterial: Missing cached shader map for material MAT_LevelColorationLitLightmapUV, compiling. Is special engine material.
[2018.02.02-00.29.01:617][  0]LogMaterial: Missing cached shader map for material ShadedLevelColorationLitMaterial, compiling. Is special engine material.
[2018.02.02-00.29.03:685][  0]LogMaterial: Missing cached shader map for material ShadedLevelColorationUnlitMateri, compiling. Is special engine material.
[2018.02.02-00.29.04:484][  0]LogMaterial: Missing cached shader map for material VertexColorMaterial, compiling. 
[2018.02.02-00.29.04:925][  0]LogMaterial: Missing cached shader map for material VertexColorViewMode_ColorOnly, compiling. 
[2018.02.02-00.29.05:040][  0]LogMaterial: Missing cached shader map for material VertexColorViewMode_AlphaAsColor, compiling. 
[2018.02.02-00.29.05:114][  0]LogMaterial: Missing cached shader map for material VertexColorViewMode_RedOnly, compiling. 
[2018.02.02-00.29.05:184][  0]LogMaterial: Missing cached shader map for material VertexColorViewMode_GreenOnly, compiling. 
[2018.02.02-00.29.05:290][  0]LogMaterial: Missing cached shader map for material VertexColorViewMode_BlueOnly, compiling. 
[2018.02.02-00.29.05:357][  0]LogMaterial: Missing cached shader map for material RemoveSurfaceMaterial, compiling. 
[2018.02.02-00.29.05:385][  0]LogMaterial: Missing cached shader map for material DebugMeshMaterial, compiling. 
[2018.02.02-00.29.05:473][  0]LogMaterial: Missing cached shader map for material M_InvalidLightmapSettings, compiling. 
[2018.02.02-00.29.05:660][  0]LogMaterial: Missing cached shader map for material GizmoMaterial, compiling. 
[2018.02.02-00.29.05:756][  0]LogMaterial: Missing cached shader map for material PhAT_JointLimitMaterial, compiling. 
[2018.02.02-00.29.05:888][  0]LogMaterial: Missing cached shader map for material GeomMaterial, compiling. 
[2018.02.02-00.29.05:954][  0]LogMaterial: Missing cached shader map for material EditorBrushMaterial, compiling. 
[2018.02.02-00.29.06:040][  0]LogMaterial: Missing cached shader map for material BoneWeightMaterial, compiling. 
[2018.02.02-00.29.06:542][  0]LogMaterial: Missing cached shader map for material ClothMaterial, compiling. 
[2018.02.02-00.29.06:624][  0]LogMaterial: Missing cached shader map for material ClothMaterial_WF, compiling. 
[2018.02.02-00.29.06:748][  0]LogMaterial: Missing cached shader map for material DebugEditorMaterial, compiling. 
[2018.02.02-00.29.06:842][  0]LogMaterial: Missing cached shader map for material PreviewShadowIndicatorMaterial, compiling. 
[2018.02.02-00.29.07:443][  0]LogStats: UGameplayTagsManager::ConstructGameplayTagTree: Construct from data asset -  0.000 s
[2018.02.02-00.29.07:443][  0]LogStats: UGameplayTagsManager::ConstructGameplayTagTree: GameplayTagTreeChangedEvent.Broadcast -  0.000 s
[2018.02.02-00.29.07:856][  0]LogAIModule: Creating AISystem for world Untitled
[2018.02.02-00.29.07:869][  0]LogInit: XAudio2 using 'Speakers / Headphones (Realtek Audio)' : 2 channels at 48 kHz using 32 bits per sample (channel mask 0x3)
[2018.02.02-00.29.08:016][  0]LogInit: FAudioDevice initialized.
[2018.02.02-00.29.13:616][  0]LogDerivedDataCache: Saved boot cache 5.60s 67MB C:/Users/t.rigaux/AppData/Local/UnrealEngine/4.18/DerivedDataCache/Boot.ddc.
[2018.02.02-00.29.13:639][  0]LogInit: Texture streaming: Enabled
[2018.02.02-00.29.13:921][  0]LogEngineSessionManager: EngineSessionManager initialized
[2018.02.02-00.29.14:239][  0]LogInit: Transaction tracking system initialized
[2018.02.02-00.29.15:249][  0]BlueprintLog: New page: Editor Load
[2018.02.02-00.29.21:682][  0]LocalizationService: Localization service is disabled
[2018.02.02-00.29.27:482][  0]LogConsoleResponse: Display: 
[2018.02.02-00.29.28:087][  0]LogMaterial: Missing cached shader map for material Cross_Mat, compiling. 
[2018.02.02-00.29.28:222][  0]LogMaterial: Missing cached shader map for material PhAT_BoneSelectedMaterial, compiling. 
[2018.02.02-00.29.28:306][  0]LogMaterial: Missing cached shader map for material PhAT_ElemSelectedMaterial, compiling. 
[2018.02.02-00.29.28:370][  0]LogMaterial: Missing cached shader map for material PhAT_NoCollisionMaterial, compiling. 
[2018.02.02-00.29.28:426][  0]LogMaterial: Missing cached shader map for material PhAT_UnselectedMaterial, compiling. 
[2018.02.02-00.29.28:517][  0]LogMaterial: Missing cached shader map for material Tick_Mat, compiling. 
[2018.02.02-00.29.28:623][  0]LogMaterial: Missing cached shader map for material WidgetGridVertexColorMaterial_Ma, compiling. 
[2018.02.02-00.29.28:673][  0]LogMaterial: Missing cached shader map for material WidgetMaterial, compiling. 
[2018.02.02-00.29.28:716][  0]LogMaterial: Missing cached shader map for material WidgetMaterial_Current, compiling. 
[2018.02.02-00.29.28:766][  0]LogMaterial: Missing cached shader map for material WidgetMaterial_X, compiling. 
[2018.02.02-00.29.28:836][  0]LogMaterial: Missing cached shader map for material WidgetMaterial_Y, compiling. 
[2018.02.02-00.29.28:883][  0]LogMaterial: Missing cached shader map for material WidgetMaterial_Z, compiling. 
[2018.02.02-00.29.28:932][  0]LogMaterial: Missing cached shader map for material WidgetVertexColorMaterial, compiling. 
[2018.02.02-00.29.29:416][  0]LogMaterial: Missing cached shader map for material LevelGridMaterial, compiling. 
[2018.02.02-00.29.29:865][  0]LogMaterial: Missing cached shader map for material BlinkingCaret, compiling. 
[2018.02.02-00.29.30:462][  0]LogMaterial: Missing cached shader map for material M_StreamingPause, compiling. 
[2018.02.02-00.29.30:654][  0]LogFileCache: Scanning file cache for directory 'D:/TomasRigaux/Unreal Projects/Abeyance/Content/' took 0.02s
[2018.02.02-00.29.30:654][  0]LogCook: Display: Max memory allowance for cook 16384mb min free memory 0mb
[2018.02.02-00.29.30:654][  0]LogCook: Display: Mobile HDR setting 1
[2018.02.02-00.29.30:702][  0]LogGameplayTags: Display: UGameplayTagsManager::DoneAddingNativeTags. DelegateIsBound: 0
[2018.02.02-00.29.37:695][  0]Cmd: MAP LOAD FILE="D:/TomasRigaux/Unreal Projects/Abeyance/Content/Maps/Default.umap" TEMPLATE=0 SHOWPROGRESS=1 FEATURELEVEL=3
[2018.02.02-00.29.37:704][  0]LightingResults: New page: Lighting Build
[2018.02.02-00.29.37:870][  0]MapCheck: New page: Map Check
[2018.02.02-00.29.37:870][  0]LightingResults: New page: Lighting Build
[2018.02.02-00.29.39:544][  0]LogTexture: Display: Building textures: HQ_Lightmap0_6 (AutoDXT, 64X64)
[2018.02.02-00.29.39:544][  0]LogTexture: Display: Building textures: LQ_Lightmap_0_6 (DXT1, 64X64)
[2018.02.02-00.29.39:544][  0]LogTexture: Display: Building textures: ShadowMapTexture2D_2 (G8, 128X128)
[2018.02.02-00.29.39:544][  0]LogTexture: Display: Building textures: ShadowMapTexture2D_3 (G8, 32X32)
[2018.02.02-00.29.39:544][  0]LogTexture: Display: Building textures: LQ_Lightmap_1_2 (DXT1, 256X256)
[2018.02.02-00.29.39:544][  0]LogTexture: Display: Building textures: HQ_Lightmap1_2 (AutoDXT, 256X256)
[2018.02.02-00.29.39:544][  0]LogDerivedDataCache: FFileSystemDerivedDataBackend: Move collision, attempt at redundant update, OK C:/Users/t.rigaux/AppData/Local/UnrealEngine/Common/DerivedDataCache/2/1/7/TEXTURE_814DCC3DC72143F49509781513CB9855_AUTODXT_E9F712274927BB834E0132B5FC3AC__C783535C291287FA1957D957708AE0AF9F9CC56D.udd.
[2018.02.02-00.29.39:544][  0]LogMaterial: Missing cached shader map for material M_Sky_Panning_Clouds2, compiling. 
[2018.02.02-00.29.39:570][  0]LogMaterial: Missing cached shader map for material M_HealingDot, compiling. 
[2018.02.02-00.29.39:628][  0]LogMaterial: Missing cached shader map for material M_HealingCircle, compiling. 
[2018.02.02-00.29.39:734][  0]LogAIModule: Creating AISystem for world Default
[2018.02.02-00.29.40:546][  0]LogDerivedDataCache: FFileSystemDerivedDataBackend: Move collision, attempt at redundant update, OK C:/Users/t.rigaux/AppData/Local/UnrealEngine/Common/DerivedDataCache/1/4/9/MATSM_24CFB3A24FF7412DB1277B5C2B5936DE_PCD3D_SM5_7__BC5N_NOCCBN_DEV_SL_DBUF_UN__756B923F55C7CB4A42219F432878ECE358963248.udd.
[2018.02.02-00.29.40:627][  0]LogStreaming: Display: ULevelStreaming::RequestLevel(/Game/Maps/StreamedLevels/Room_01) is flushing async loading
[2018.02.02-00.29.40:906][  0]LogTexture: Display: Building textures: HQ_Lightmap0_1 (AutoDXT, 256X256)
[2018.02.02-00.29.40:906][  0]LogTexture: Display: Building textures: ShadowMapTexture2D_0 (G8, 128X128)
[2018.02.02-00.29.40:906][  0]LogTexture: Display: Building textures: LQ_Lightmap_0_1 (DXT1, 256X256)
[2018.02.02-00.29.40:906][  0]LogStaticMesh: Building static mesh Crystal...
[2018.02.02-00.29.41:371][  0]LogStaticMesh: Built static mesh [0.46s] /Game/Assets/Crystal.Crystal
[2018.02.02-00.29.41:506][  0]LogMaterial: Missing cached shader map for material M_CrystalPulse, compiling. 
[2018.02.02-00.29.41:682][  0]LogDerivedDataCache: FFileSystemDerivedDataBackend: Move collision, attempt at redundant update, OK C:/Users/t.rigaux/AppData/Local/UnrealEngine/Common/DerivedDataCache/7/4/5/PHYSX_3B0AB674B19F4A698B28F7025C031EA2_PHYSXPC_C562415849E70D2F0333AE93F14C371__61BB5381A6F0B50C65110CCA647EAC2AFF51E192.udd.
[2018.02.02-00.29.41:684][  0]LogStreaming: Display: ULevelStreaming::RequestLevel(/Game/Maps/StreamedLevels/Room_02) is flushing async loading
[2018.02.02-00.29.41:830][  0]LogTexture: Display: Building textures: HQ_Lightmap0_3 (AutoDXT, 256X256)
[2018.02.02-00.29.41:830][  0]LogTexture: Display: Building textures: ShadowMapTexture2D_0 (G8, 128X128)
[2018.02.02-00.29.41:830][  0]LogTexture: Display: Building textures: LQ_Lightmap_0_3 (DXT1, 256X256)
[2018.02.02-00.29.41:872][  0]LogStreaming: Display: ULevelStreaming::RequestLevel(/Game/Maps/StreamedLevels/Room_03) is flushing async loading
[2018.02.02-00.29.41:950][  0]LogDerivedDataCache: FFileSystemDerivedDataBackend: Move collision, attempt at redundant update, OK C:/Users/t.rigaux/AppData/Local/UnrealEngine/Common/DerivedDataCache/3/5/3/TEXTURE_814DCC3DC72143F49509781513CB9855_AUTODXT_9FA6ADBD41D56500241788A4C9B7C__A9D5903375DD7D7A6D2495CA82F076A34D4F458F.udd.
[2018.02.02-00.29.41:950][  0]LogTexture: Display: Building textures: ShadowMapTexture2D_0 (G8, 128X128)
[2018.02.02-00.29.41:950][  0]LogTexture: Display: Building textures: LQ_Lightmap_0_4 (DXT1, 256X256)
[2018.02.02-00.29.41:950][  0]LogTexture: Display: Building textures: HQ_Lightmap0_4 (AutoDXT, 256X256)
[2018.02.02-00.29.41:971][  0]LogStreaming: Display: ULevelStreaming::RequestLevel(/Game/Maps/StreamedLevels/Room_04) is flushing async loading
[2018.02.02-00.29.42:094][  0]LogDerivedDataCache: FFileSystemDerivedDataBackend: Move collision, attempt at redundant update, OK C:/Users/t.rigaux/AppData/Local/UnrealEngine/Common/DerivedDataCache/8/4/3/TEXTURE_814DCC3DC72143F49509781513CB9855_AUTODXT_7440B8C84B73714E1C13A08A87DB4__93A36CF667AB84285EED2C3BD50CEEBDE1F38BFC.udd.
[2018.02.02-00.29.42:094][  0]LogTexture: Display: Building textures: ShadowMapTexture2D_0 (G8, 128X128)
[2018.02.02-00.29.42:094][  0]LogTexture: Display: Building textures: HQ_Lightmap0_5 (AutoDXT, 256X256)
[2018.02.02-00.29.42:094][  0]LogTexture: Display: Building textures: LQ_Lightmap_0_5 (DXT1, 256X256)
[2018.02.02-00.29.42:364][  0]LogEditorServer: Finished looking for orphan Actors (0.000 secs)
[2018.02.02-00.29.42:513][  0]Cmd: MAP CHECKDEP NOCLEARLOG
[2018.02.02-00.29.42:764][  0]MapCheck: Map check complete: 0 Error(s), 0 Warning(s), took 174.61ms to complete.
[2018.02.02-00.29.42:764][  0]LogFileHelpers: Loading map 'Default' took 5.067
[2018.02.02-00.29.46:924][  0]LogCollectionManager: Loaded 0 collections in 0.036831 seconds
[2018.02.02-00.29.48:459][  0]LogFileCache: Scanning file cache for directory 'D:/TomasRigaux/Unreal Projects/Abeyance/Saved/Collections/' took 0.01s
[2018.02.02-00.29.48:459][  0]LogFileCache: Scanning file cache for directory 'D:/TomasRigaux/Unreal Projects/Abeyance/Content/Developers/trigaux/Collections/' took 0.01s
[2018.02.02-00.29.48:459][  0]LogFileCache: Scanning file cache for directory 'D:/TomasRigaux/Unreal Projects/Abeyance/Content/Collections/' took 0.05s
[2018.02.02-00.29.48:459][  0]LogCollectionManager: Rebuilt the GUID cache for 0 collections in 0.000001 seconds
[2018.02.02-00.29.48:647][  0]LogContentBrowser: Native class hierarchy populated in 0.1154 seconds. Added 2364 classes and 521 folders.
[2018.02.02-00.29.49:951][  0]LogContentBrowser: Native class hierarchy updated for 'WidgetCarousel' in 0.0009 seconds. Added 0 classes and 0 folders.
[2018.02.02-00.29.55:143][  0]LogContentBrowser: Native class hierarchy updated for 'AddContentDialog' in 0.0010 seconds. Added 0 classes and 0 folders.
[2018.02.02-00.29.55:747][  0]LogContentBrowser: Native class hierarchy updated for 'SceneOutliner' in 0.0010 seconds. Added 1 classes and 2 folders.
[2018.02.02-00.29.57:141][  0]LogSlate: Took 0.178608 seconds to synchronously load lazily loaded font '../../../Engine/Content/Slate/Fonts/Roboto-Regular.ttf' (155K)
[2018.02.02-00.29.57:217][  0]LogSlate: Took 0.072883 seconds to synchronously load lazily loaded font '../../../Engine/Content/Slate/Fonts/Roboto-Bold.ttf' (160K)
[2018.02.02-00.29.57:297][  0]LogSlate: Took 0.024803 seconds to synchronously load lazily loaded font '../../../Engine/Content/Editor/Slate/Fonts/FontAwesome.ttf' (139K)
[2018.02.02-00.29.57:822][  0]LogMaterial: Missing cached shader map for material LevelGridMaterial2, compiling. 
[2018.02.02-00.29.58:072][  0]LogRenderer: Reallocating scene render targets to support 1208x652 Format 10 NumSamples 1 (Frame:1).
[2018.02.02-00.29.59:748][  0]LogContentBrowser: Native class hierarchy updated for 'HierarchicalLODOutliner' in 0.0009 seconds. Added 1 classes and 2 folders.
[2018.02.02-00.29.59:748][  0]LogLoad: (Engine Initialization) Total time: 221.31 seconds
[2018.02.02-00.29.59:749][  0]LogLoad: (Engine Initialization) Total Blueprint compile time: 0.00 seconds
[2018.02.02-00.29.59:765][  0]LogExternalProfiler: No external profilers were discovered.  External profiling features will not be available.
[2018.02.02-00.29.59:852][  0]SourceControl: On branch master
[2018.02.02-00.29.59:852][  0]SourceControl: Your branch is up to date with 'origin/master'.
[2018.02.02-00.29.59:852][  0]SourceControl: Changes not staged for commit:
[2018.02.02-00.29.59:852][  0]SourceControl:   (use "git add/rm <file>..." to update what will be committed)
[2018.02.02-00.29.59:852][  0]SourceControl:   (use "git checkout -- <file>..." to discard changes in working directory)
[2018.02.02-00.29.59:852][  0]SourceControl: 	modified:   Content/Maps/StreamedLevels/Room_01.umap
[2018.02.02-00.29.59:852][  0]SourceControl: 	modified:   Content/Maps/StreamedLevels/Room_02.umap
[2018.02.02-00.29.59:852][  0]SourceControl: 	modified:   Content/Maps/StreamedLevels/Room_03.umap
[2018.02.02-00.29.59:852][  0]SourceControl: 	modified:   Content/Maps/StreamedLevels/Room_04.umap
[2018.02.02-00.29.59:852][  0]SourceControl: 	deleted:    Intermediate/AssetRegistryCache/2657c409.bin
[2018.02.02-00.29.59:852][  0]SourceControl: 	modified:   Intermediate/CachedAssetRegistry.bin
[2018.02.02-00.29.59:852][  0]SourceControl: 	deleted:    Saved/Config/CrashReportClient/UE4CC-Windows-CCF9D71448666B3DEAF4A3AEC7195B9D/CrashReportClient.ini
[2018.02.02-00.29.59:852][  0]SourceControl: 	modified:   Saved/Config/Windows/Editor.ini
[2018.02.02-00.29.59:852][  0]SourceControl: 	modified:   Saved/Config/Windows/EditorPerProjectUserSettings.ini
[2018.02.02-00.29.59:852][  0]SourceControl: no changes added to commit (use "git add" and/or "git commit -a")
[2018.02.02-00.29.59:929][  0]LogContentStreaming: Texture pool size now 1000 MB
[2018.02.02-00.30.00:292][  0]LogSlate: Took 0.047265 seconds to synchronously load lazily loaded font '../../../Engine/Content/Slate/Fonts/Roboto-Light.ttf' (159K)
[2018.02.02-00.30.00:601][  2]LogAssetRegistry: Asset discovery search completed in 122.5847 seconds
[2018.02.02-00.30.00:607][  2]LogCollectionManager: Rebuilt the object cache for 0 collections in 0.000001 seconds (found 0 objects)
[2018.02.02-00.30.00:607][  2]LogCollectionManager: Fixed up redirectors for 0 collections in 0.000101 seconds (updated 0 objects)
[2018.02.02-00.31.13:568][840]LogEditorViewport: Clicking on Actor (LMB): StaticMeshActor (SM_Template_Map_Floor)
[2018.02.02-00.31.56:145][ 50]LogSlate: Took 0.000290 seconds to synchronously load lazily loaded font '../../../Engine/Content/Slate/Fonts/Roboto-Light.ttf' (159K)
[2018.02.02-00.33.36:876][352]Cmd: QUIT_EDITOR
[2018.02.02-00.33.36:919][352]LogExit: Preparing to exit.
[2018.02.02-00.33.37:803][352]LogExit: Editor shut down
[2018.02.02-00.33.37:811][352]LogExit: Transaction tracking system shut down
[2018.02.02-00.33.38:053][352]LogDirectoryWatcher: A directory notification for '../../../Engine/Content/' was aborted.
[2018.02.02-00.33.38:053][352]LogDirectoryWatcher: A directory notification for 'D:/TomasRigaux/Unreal Projects/Abeyance/Content/' was aborted.
[2018.02.02-00.33.38:053][352]LogDirectoryWatcher: A directory notification for '../../../Engine/Plugins/2D/Paper2D/Content/' was aborted.
[2018.02.02-00.33.38:053][352]LogDirectoryWatcher: A directory notification for '../../../Engine/Plugins/Media/MediaCompositing/Content/' was aborted.
[2018.02.02-00.33.38:053][352]LogDirectoryWatcher: A directory notification for '../../../Engine/Plugins/Runtime/AppleARKit/Content/' was aborted.
[2018.02.02-00.33.38:053][352]LogDirectoryWatcher: A directory notification for '../../../Engine/Plugins/Runtime/Oculus/OculusVR/Content/' was aborted.
[2018.02.02-00.33.38:053][352]LogDirectoryWatcher: A directory notification for '../../../Engine/Plugins/Runtime/Steam/SteamVR/Content/' was aborted.
[2018.02.02-00.33.38:124][352]LogExit: Object subsystem successfully closed.
[2018.02.02-00.33.38:156][352]LogD3D11RHI: Shutdown
[2018.02.02-00.33.38:156][352]LogD3D11RHI: CleanupD3DDevice
[2018.02.02-00.33.38:159][352]LogD3D11RHI: ~FD3D11DynamicRHI
[2018.02.02-00.33.38:177][352]LogModuleManager: Shutting down and abandoning module HierarchicalLODOutliner (550)
[2018.02.02-00.33.38:177][352]LogModuleManager: Shutting down and abandoning module DesktopPlatform (548)
[2018.02.02-00.33.38:177][352]LogModuleManager: Shutting down and abandoning module SceneOutliner (546)
[2018.02.02-00.33.38:177][352]LogModuleManager: Shutting down and abandoning module AddContentDialog (544)
[2018.02.02-00.33.38:177][352]LogDirectoryWatcher: A directory notification for 'C:/Program Files/Epic Games/UE_4.18/FeaturePacks/' was aborted.
[2018.02.02-00.33.38:179][352]LogModuleManager: Shutting down and abandoning module WidgetCarousel (543)
[2018.02.02-00.33.38:179][352]LogModuleManager: Shutting down and abandoning module EditorWidgets (540)
[2018.02.02-00.33.38:179][352]LogModuleManager: Shutting down and abandoning module CollectionManager (538)
[2018.02.02-00.33.38:179][352]LogDirectoryWatcher: A directory notification for 'D:/TomasRigaux/Unreal Projects/Abeyance/Content/Collections/' was aborted.
[2018.02.02-00.33.38:179][352]LogDirectoryWatcher: A directory notification for 'D:/TomasRigaux/Unreal Projects/Abeyance/Content/Developers/trigaux/Collections/' was aborted.
[2018.02.02-00.33.38:179][352]LogDirectoryWatcher: A directory notification for 'D:/TomasRigaux/Unreal Projects/Abeyance/Saved/Collections/' was aborted.
[2018.02.02-00.33.38:179][352]LogModuleManager: Shutting down and abandoning module StatsViewer (536)
[2018.02.02-00.33.38:179][352]LogModuleManager: Shutting down and abandoning module FoliageEdit (534)
[2018.02.02-00.33.38:179][352]LogModuleManager: Shutting down and abandoning module LandscapeEditor (532)
[2018.02.02-00.33.38:179][352]LogModuleManager: Shutting down and abandoning module MeshPaintMode (530)
[2018.02.02-00.33.38:179][352]LogModuleManager: Shutting down and abandoning module SceneDepthPickerMode (528)
[2018.02.02-00.33.38:179][352]LogModuleManager: Shutting down and abandoning module ActorPickerMode (526)
[2018.02.02-00.33.38:179][352]LogModuleManager: Shutting down and abandoning module GeometryMode (524)
[2018.02.02-00.33.38:179][352]LogModuleManager: Shutting down and abandoning module TextureAlignMode (522)
[2018.02.02-00.33.38:179][352]LogModuleManager: Shutting down and abandoning module BspMode (520)
[2018.02.02-00.33.38:179][352]LogModuleManager: Shutting down and abandoning module PIEPreviewDeviceProfileSelector (518)
[2018.02.02-00.33.38:179][352]LogModuleManager: Shutting down and abandoning module HardwareSurvey (516)
[2018.02.02-00.33.38:179][352]LogModuleManager: Shutting down and abandoning module SequenceRecorderSections (514)
[2018.02.02-00.33.38:179][352]LogModuleManager: Shutting down and abandoning module AutomationWorker (512)
[2018.02.02-00.33.38:179][352]LogModuleManager: Shutting down and abandoning module MatineeToLevelSequence (510)
[2018.02.02-00.33.38:179][352]LogModuleManager: Shutting down and abandoning module LevelSequenceEditor (508)
[2018.02.02-00.33.38:180][352]LogModuleManager: Shutting down and abandoning module PlacementMode (507)
[2018.02.02-00.33.38:180][352]LogModuleManager: Shutting down and abandoning module WmfMediaFactory (504)
[2018.02.02-00.33.38:180][352]LogModuleManager: Shutting down and abandoning module WmfMediaEditor (502)
[2018.02.02-00.33.38:180][352]LogModuleManager: Shutting down and abandoning module OpenExrWrapper (500)
[2018.02.02-00.33.38:180][352]LogModuleManager: Shutting down and abandoning module ImgMediaFactory (498)
[2018.02.02-00.33.38:180][352]LogModuleManager: Shutting down and abandoning module ImgMediaEditor (496)
[2018.02.02-00.33.38:180][352]LogModuleManager: Shutting down and abandoning module AvfMediaFactory (494)
[2018.02.02-00.33.38:180][352]LogModuleManager: Shutting down and abandoning module AvfMediaEditor (492)
[2018.02.02-00.33.38:180][352]LogModuleManager: Shutting down and abandoning module AndroidMediaFactory (490)
[2018.02.02-00.33.38:180][352]LogModuleManager: Shutting down and abandoning module AndroidMediaEditor (488)
[2018.02.02-00.33.38:180][352]LogModuleManager: Shutting down and abandoning module CharacterAI (486)
[2018.02.02-00.33.38:180][352]LogModuleManager: Shutting down and abandoning module AudioCapture (484)
[2018.02.02-00.33.38:180][352]LogModuleManager: Shutting down and abandoning module SequenceRecorder (483)
[2018.02.02-00.33.38:180][352]LogModuleManager: Shutting down and abandoning module SmartSnapping (480)
[2018.02.02-00.33.38:180][352]LogModuleManager: Shutting down and abandoning module SessionServices (478)
[2018.02.02-00.33.38:180][352]LogModuleManager: Shutting down and abandoning module ViewportSnapping (476)
[2018.02.02-00.33.38:180][352]LogModuleManager: Shutting down and abandoning module ViewportInteraction (474)
[2018.02.02-00.33.38:180][352]LogModuleManager: Shutting down and abandoning module ClothPainter (472)
[2018.02.02-00.33.38:180][352]LogModuleManager: Shutting down and abandoning module SkeletalMeshEditor (471)
[2018.02.02-00.33.38:180][352]LogModuleManager: Shutting down and abandoning module LogVisualizer (468)
[2018.02.02-00.33.38:180][352]LogModuleManager: Shutting down and abandoning module IntroTutorials (466)
[2018.02.02-00.33.38:180][352]LogModuleManager: Shutting down and abandoning module GameProjectGeneration (465)
[2018.02.02-00.33.38:180][352]LogModuleManager: Shutting down and abandoning module IOSPlatformEditor (462)
[2018.02.02-00.33.38:180][352]LogModuleManager: Shutting down and abandoning module HTML5PlatformEditor (460)
[2018.02.02-00.33.38:180][352]LogModuleManager: Shutting down and abandoning module AndroidPlatformEditor (458)
[2018.02.02-00.33.38:180][352]LogModuleManager: Shutting down and abandoning module AndroidDeviceDetection (457)
[2018.02.02-00.33.39:053][352]LogModuleManager: Shutting down and abandoning module WindowsPlatformEditor (454)
[2018.02.02-00.33.39:053][352]LogModuleManager: Shutting down and abandoning module IOSRuntimeSettings (452)
[2018.02.02-00.33.39:053][352]LogModuleManager: Shutting down and abandoning module AndroidRuntimeSettings (450)
[2018.02.02-00.33.39:053][352]LogModuleManager: Shutting down and abandoning module InputBindingEditor (448)
[2018.02.02-00.33.39:054][352]LogModuleManager: Shutting down and abandoning module MergeActors (446)
[2018.02.02-00.33.39:054][352]LogModuleManager: Shutting down and abandoning module SizeMap (444)
[2018.02.02-00.33.39:054][352]LogModuleManager: Shutting down and abandoning module TreeMap (442)
[2018.02.02-00.33.39:054][352]LogModuleManager: Shutting down and abandoning module ReferenceViewer (440)
[2018.02.02-00.33.39:054][352]LogModuleManager: Shutting down and abandoning module LocalizationDashboard (438)
[2018.02.02-00.33.39:054][352]LogModuleManager: Shutting down and abandoning module LocalizationService (437)
[2018.02.02-00.33.39:054][352]LogModuleManager: Shutting down and abandoning module HardwareTargeting (434)
[2018.02.02-00.33.39:054][352]LogModuleManager: Shutting down and abandoning module DeviceProfileEditor (432)
[2018.02.02-00.33.39:054][352]LogModuleManager: Shutting down and abandoning module UndoHistory (430)
[2018.02.02-00.33.39:054][352]LogModuleManager: Shutting down and abandoning module XmlParser (428)
[2018.02.02-00.33.39:054][352]LogModuleManager: Shutting down and abandoning module Blutility (426)
[2018.02.02-00.33.39:054][352]LogModuleManager: Shutting down and abandoning module ProjectSettingsViewer (424)
[2018.02.02-00.33.39:054][352]LogModuleManager: Shutting down and abandoning module ProjectTargetPlatformEditor (423)
[2018.02.02-00.33.39:055][352]LogModuleManager: Shutting down and abandoning module EditorSettingsViewer (420)
[2018.02.02-00.33.39:055][352]LogModuleManager: Shutting down and abandoning module SettingsEditor (418)
[2018.02.02-00.33.39:055][352]LogModuleManager: Shutting down and abandoning module ProjectLauncher (416)
[2018.02.02-00.33.39:055][352]LogModuleManager: Shutting down and abandoning module SessionFrontend (414)
[2018.02.02-00.33.39:055][352]LogModuleManager: Shutting down and abandoning module ProfilerClient (412)
[2018.02.02-00.33.39:055][352]LogModuleManager: Shutting down and abandoning module DeviceManager (410)
[2018.02.02-00.33.39:055][352]LogModuleManager: Shutting down and abandoning module TargetDeviceServices (409)
[2018.02.02-00.33.39:105][352]LogModuleManager: Shutting down and abandoning module AutomationController (406)
[2018.02.02-00.33.39:105][352]LogModuleManager: Shutting down and abandoning module AutomationWindow (404)
[2018.02.02-00.33.39:105][352]LogModuleManager: Shutting down and abandoning module Layers (402)
[2018.02.02-00.33.39:105][352]LogModuleManager: Shutting down and abandoning module ComponentVisualizers (400)
[2018.02.02-00.33.39:105][352]LogModuleManager: Shutting down and abandoning module DetailCustomizations (398)
[2018.02.02-00.33.39:105][352]LogModuleManager: Shutting down and abandoning module PackagesDialog (396)
[2018.02.02-00.33.39:105][352]LogModuleManager: Shutting down and abandoning module Persona (394)
[2018.02.02-00.33.39:105][352]LogModuleManager: Shutting down and abandoning module AdvancedPreviewScene (393)
[2018.02.02-00.33.39:105][352]LogModuleManager: Shutting down and abandoning module AnimGraph (391)
[2018.02.02-00.33.39:105][352]LogModuleManager: Shutting down and abandoning module Kismet (388)
[2018.02.02-00.33.39:106][352]LogModuleManager: Shutting down and abandoning module ClassViewer (386)
[2018.02.02-00.33.39:106][352]LogModuleManager: Shutting down and abandoning module Toolbox (384)
[2018.02.02-00.33.39:106][352]LogModuleManager: Shutting down and abandoning module ModuleUI (382)
[2018.02.02-00.33.39:107][352]LogModuleManager: Shutting down and abandoning module MovieSceneTools (380)
[2018.02.02-00.33.39:107][352]LogModuleManager: Shutting down and abandoning module OutputLog (378)
[2018.02.02-00.33.39:107][352]LogModuleManager: Shutting down and abandoning module GammaUI (376)
[2018.02.02-00.33.39:107][352]LogModuleManager: Shutting down and abandoning module Documentation (374)
[2018.02.02-00.33.39:107][352]LogModuleManager: Shutting down and abandoning module MovieSceneTracks (372)
[2018.02.02-00.33.39:107][352]LogModuleManager: Shutting down and abandoning module MovieScene (370)
[2018.02.02-00.33.39:107][352]LogModuleManager: Shutting down and abandoning module StreamingPauseRendering (368)
[2018.02.02-00.33.39:107][352]LogModuleManager: Shutting down and abandoning module LauncherPlatform (366)
[2018.02.02-00.33.39:107][352]LogModuleManager: Shutting down and abandoning module AnalyticsET (364)
[2018.02.02-00.33.39:107][352]LogModuleManager: Shutting down and abandoning module PortalServices (362)
[2018.02.02-00.33.39:107][352]LogModuleManager: Shutting down and abandoning module PortalRpc (360)
[2018.02.02-00.33.39:107][352]LogModuleManager: Shutting down and abandoning module MessagingRpc (358)
[2018.02.02-00.33.39:107][352]LogModuleManager: Shutting down and abandoning module AIModule (356)
[2018.02.02-00.33.39:107][352]LogModuleManager: Shutting down and abandoning module GameplayDebugger (355)
[2018.02.02-00.33.39:107][352]LogModuleManager: Shutting down and abandoning module AITestSuite (353)
[2018.02.02-00.33.39:107][352]LogModuleManager: Shutting down and abandoning module ProfilerService (350)
[2018.02.02-00.33.39:185][352]LogModuleManager: Shutting down and abandoning module TaskGraph (348)
[2018.02.02-00.33.39:185][352]LogModuleManager: Shutting down and abandoning module SteamVRController (346)
[2018.02.02-00.33.39:185][352]LogModuleManager: Shutting down and abandoning module ProceduralMeshComponentEditor (344)
[2018.02.02-00.33.39:185][352]LogModuleManager: Shutting down and abandoning module ProceduralMeshComponent (342)
[2018.02.02-00.33.39:185][352]LogModuleManager: Shutting down and abandoning module OculusInput (340)
[2018.02.02-00.33.39:185][352]LogModuleManager: Shutting down and abandoning module MobilePatchingUtils (338)
[2018.02.02-00.33.39:186][352]LogModuleManager: Shutting down and abandoning module CustomMeshComponent (336)
[2018.02.02-00.33.39:186][352]LogModuleManager: Shutting down and abandoning module CableComponent (334)
[2018.02.02-00.33.39:186][352]LogModuleManager: Shutting down and abandoning module ArchVisCharacter (332)
[2018.02.02-00.33.39:186][352]LogModuleManager: Shutting down and abandoning module AndroidPermission (330)
[2018.02.02-00.33.39:186][352]LogModuleManager: Shutting down and abandoning module ActorSequence (326)
[2018.02.02-00.33.39:186][352]LogModuleManager: Shutting down and abandoning module MediaPlayerEditor (324)
[2018.02.02-00.33.39:186][352]LogModuleManager: Shutting down and abandoning module MediaCompositingEditor (322)
[2018.02.02-00.33.39:186][352]LogModuleManager: Shutting down and abandoning module MediaCompositing (320)
[2018.02.02-00.33.39:186][352]LogModuleManager: Shutting down and abandoning module HTML5Networking (318)
[2018.02.02-00.33.39:186][352]LogModuleManager: Shutting down and abandoning module AlembicImporter (316)
[2018.02.02-00.33.39:186][352]LogModuleManager: Shutting down and abandoning module AlembicLibrary (315)
[2018.02.02-00.33.39:186][352]LogModuleManager: Shutting down and abandoning module GeometryCache (314)
[2018.02.02-00.33.39:186][352]LogModuleManager: Shutting down and abandoning module GeometryCacheEd (313)
[2018.02.02-00.33.39:186][352]LogModuleManager: Shutting down and abandoning module SpeedTreeImporter (308)
[2018.02.02-00.33.39:186][352]LogModuleManager: Shutting down and abandoning module PluginBrowser (306)
[2018.02.02-00.33.39:186][352]LogModuleManager: Shutting down and abandoning module MobileLauncherProfileWizard (304)
[2018.02.02-00.33.39:186][352]LogModuleManager: Shutting down and abandoning module VisualStudioSourceCodeAccess (302)
[2018.02.02-00.33.39:187][352]LogModuleManager: Shutting down and abandoning module VisualStudioCodeSourceCodeAccess (300)
[2018.02.02-00.33.39:187][352]LogModuleManager: Shutting down and abandoning module UObjectPlugin (298)
[2018.02.02-00.33.39:187][352]LogModuleManager: Shutting down and abandoning module SubversionSourceControl (296)
[2018.02.02-00.33.39:187][352]LogModuleManager: Shutting down and abandoning module PerforceSourceControl (294)
[2018.02.02-00.33.39:187][352]LogModuleManager: Shutting down and abandoning module GitSourceControl (292)
[2018.02.02-00.33.39:187][352]LogModuleManager: Shutting down and abandoning module SourceControl (291)
[2018.02.02-00.33.39:187][352]LogModuleManager: Shutting down and abandoning module LightPropagationVolumeEditor (288)
[2018.02.02-00.33.39:187][352]LogModuleManager: Shutting down and abandoning module PaperTiledImporter (286)
[2018.02.02-00.33.39:187][352]LogModuleManager: Shutting down and abandoning module PaperSpriteSheetImporter (284)
[2018.02.02-00.33.39:187][352]LogModuleManager: Shutting down and abandoning module Paper2DEditor (282)
[2018.02.02-00.33.39:187][352]LogModuleManager: Shutting down and abandoning module MeshPaint (281)
[2018.02.02-00.33.39:187][352]LogModuleManager: Shutting down and abandoning module LevelEditor (279)
[2018.02.02-00.33.39:189][352]LogModuleManager: Shutting down and abandoning module PixelInspectorModule (278)
[2018.02.02-00.33.39:189][352]LogModuleManager: Shutting down and abandoning module MainFrame (276)
[2018.02.02-00.33.39:190][352]LogModuleManager: Shutting down and abandoning module HotReload (275)
[2018.02.02-00.33.39:190][352]LogDirectoryWatcher: A directory notification for 'D:/TomasRigaux/Unreal Projects/Abeyance/Binaries/Win64' was aborted.
[2018.02.02-00.33.39:191][352]LogModuleManager: Shutting down and abandoning module Abeyance (270)
[2018.02.02-00.33.39:191][352]LogModuleManager: Shutting down and abandoning module RuntimePhysXCooking (268)
[2018.02.02-00.33.39:191][352]LogModuleManager: Shutting down and abandoning module PhysXVehiclesEditor (266)
[2018.02.02-00.33.39:191][352]LogModuleManager: Shutting down and abandoning module PhysXVehicles (264)
[2018.02.02-00.33.39:191][352]LogModuleManager: Shutting down and abandoning module OculusEditor (262)
[2018.02.02-00.33.39:191][352]LogModuleManager: Shutting down and abandoning module LocationServicesBPLibrary (260)
[2018.02.02-00.33.39:191][352]LogModuleManager: Shutting down and abandoning module ImmediatePhysicsEditor (258)
[2018.02.02-00.33.39:191][352]LogModuleManager: Shutting down and abandoning module ImmediatePhysics (256)
[2018.02.02-00.33.39:192][352]LogModuleManager: Shutting down and abandoning module UdpMessaging (254)
[2018.02.02-00.33.39:292][352]LogModuleManager: Shutting down and abandoning module TcpMessaging (252)
[2018.02.02-00.33.39:392][352]LogModuleManager: Shutting down and abandoning module GameplayTagsEditor (250)
[2018.02.02-00.33.39:392][352]LogModuleManager: Shutting down and abandoning module FacialAnimationEditor (248)
[2018.02.02-00.33.39:392][352]LogModuleManager: Shutting down and abandoning module FacialAnimation (246)
[2018.02.02-00.33.39:392][352]LogModuleManager: Shutting down and abandoning module AssetManagerEditor (244)
[2018.02.02-00.33.39:392][352]LogModuleManager: Shutting down and abandoning module GraphEditor (243)
[2018.02.02-00.33.39:392][352]LogModuleManager: Shutting down and abandoning module ContentBrowser (241)
[2018.02.02-00.33.39:394][352]LogModuleManager: Shutting down and abandoning module LightPropagationVolumeRuntime (238)
[2018.02.02-00.33.39:394][352]LogModuleManager: Shutting down and abandoning module Paper2D (236)
[2018.02.02-00.33.39:394][352]LogModuleManager: Shutting down and abandoning module WindowsMoviePlayer (234)
[2018.02.02-00.33.39:395][352]LogModuleManager: Shutting down and abandoning module WmfMedia (232)
[2018.02.02-00.33.39:395][352]LogModuleManager: Shutting down and abandoning module ImgMedia (230)
[2018.02.02-00.33.39:396][352]LogModuleManager: Shutting down and abandoning module PacketHandler (228)
[2018.02.02-00.33.39:396][352]LogModuleManager: Shutting down and abandoning module ClothingSystemEditor (226)
[2018.02.02-00.33.39:396][352]LogModuleManager: Shutting down and abandoning module ClothingSystemRuntime (224)
[2018.02.02-00.33.39:396][352]LogModuleManager: Shutting down and abandoning module MediaAssets (222)
[2018.02.02-00.33.39:396][352]LogModuleManager: Shutting down and abandoning module Media (221)
[2018.02.02-00.33.39:401][352]LogModuleManager: Shutting down and abandoning module Overlay (218)
[2018.02.02-00.33.39:401][352]LogModuleManager: Shutting down and abandoning module OverlayEditor (217)
[2018.02.02-00.33.39:401][352]LogModuleManager: Shutting down and abandoning module VREditor (214)
[2018.02.02-00.33.39:401][352]LogModuleManager: Shutting down and abandoning module StringTableEditor (212)
[2018.02.02-00.33.39:401][352]LogModuleManager: Shutting down and abandoning module GameplayTasksEditor (210)
[2018.02.02-00.33.39:401][352]LogModuleManager: Shutting down and abandoning module BehaviorTreeEditor (208)
[2018.02.02-00.33.39:402][352]LogModuleManager: Shutting down and abandoning module FunctionalTesting (206)
[2018.02.02-00.33.39:402][352]LogModuleManager: Shutting down and abandoning module CollisionAnalyzer (204)
[2018.02.02-00.33.39:402][352]LogModuleManager: Shutting down and abandoning module WorkspaceMenuStructure (203)
[2018.02.02-00.33.39:402][352]LogModuleManager: Shutting down and abandoning module UMG (200)
[2018.02.02-00.33.39:402][352]LogModuleManager: Shutting down and abandoning module UMGEditor (199)
[2018.02.02-00.33.39:402][352]LogModuleManager: Shutting down and abandoning module Sequencer (198)
[2018.02.02-00.33.39:402][352]LogModuleManager: Shutting down and abandoning module MessageLog (195)
[2018.02.02-00.33.39:402][352]LogModuleManager: Shutting down and abandoning module SlateReflector (190)
[2018.02.02-00.33.39:402][352]LogModuleManager: Shutting down and abandoning module Slate (188)
[2018.02.02-00.33.39:402][352]LogModuleManager: Shutting down and abandoning module EditorStyle (186)
[2018.02.02-00.33.39:408][352]LogModuleManager: Shutting down and abandoning module MRMesh (184)
[2018.02.02-00.33.39:408][352]LogModuleManager: Shutting down and abandoning module SourceCodeAccess (182)
[2018.02.02-00.33.39:408][352]LogModuleManager: Shutting down and abandoning module HeadMountedDisplay (180)
[2018.02.02-00.33.39:408][352]LogModuleManager: Shutting down and abandoning module XAudio2 (178)
[2018.02.02-00.33.39:408][352]LogModuleManager: Shutting down and abandoning module Networking (176)
[2018.02.02-00.33.39:408][352]LogModuleManager: Shutting down and abandoning module Core (172)
[2018.02.02-00.33.39:408][352]LogModuleManager: Shutting down and abandoning module LevelSequence (168)
[2018.02.02-00.33.39:408][352]LogModuleManager: Shutting down and abandoning module DirectoryWatcher (166)
[2018.02.02-00.33.39:412][352]LogModuleManager: Shutting down and abandoning module KismetCompiler (164)
[2018.02.02-00.33.39:412][352]LogModuleManager: Shutting down and abandoning module MeshUtilities (162)
[2018.02.02-00.33.39:412][352]LogModuleManager: Shutting down and abandoning module MeshMergeUtilities (161)
[2018.02.02-00.33.39:412][352]LogModuleManager: Shutting down and abandoning module MeshReductionInterface (160)
[2018.02.02-00.33.39:413][352]LogModuleManager: Shutting down and abandoning module SimplygonSwarm (159)
[2018.02.02-00.33.39:413][352]LogModuleManager: Shutting down and abandoning module SimplygonMeshReduction (157)
[2018.02.02-00.33.39:413][352]LogModuleManager: Shutting down and abandoning module QuadricMeshReduction (155)
[2018.02.02-00.33.39:413][352]LogModuleManager: Shutting down and abandoning module MaterialBaking (151)
[2018.02.02-00.33.39:413][352]LogModuleManager: Shutting down and abandoning module DerivedDataCache (148)
[2018.02.02-00.33.39:418][352]LogDerivedDataCache: Shutdown
[2018.02.02-00.33.39:418][352]LogModuleManager: Shutting down and abandoning module TargetPlatform (146)
[2018.02.02-00.33.39:418][352]LogModuleManager: Shutting down and abandoning module VulkanShaderFormat (145)
[2018.02.02-00.33.39:419][352]LogModuleManager: Shutting down and abandoning module ShaderFormatVectorVM (143)
[2018.02.02-00.33.39:419][352]LogModuleManager: Shutting down and abandoning module ShaderFormatOpenGL (141)
[2018.02.02-00.33.39:419][352]LogModuleManager: Shutting down and abandoning module ShaderFormatD3D (139)
[2018.02.02-00.33.39:419][352]LogModuleManager: Shutting down and abandoning module MetalShaderFormat (137)
[2018.02.02-00.33.39:419][352]LogModuleManager: Shutting down and abandoning module TextureFormatUncompressed (135)
[2018.02.02-00.33.39:419][352]LogModuleManager: Shutting down and abandoning module TextureFormatPVR (133)
[2018.02.02-00.33.39:419][352]LogModuleManager: Shutting down and abandoning module TextureFormatDXT (131)
[2018.02.02-00.33.39:419][352]LogModuleManager: Shutting down and abandoning module TextureFormatIntelISPCTexComp (129)
[2018.02.02-00.33.39:419][352]LogModuleManager: Shutting down and abandoning module TextureFormatASTC (127)
[2018.02.02-00.33.39:419][352]LogModuleManager: Shutting down and abandoning module ImageWrapper (126)
[2018.02.02-00.33.39:419][352]LogModuleManager: Shutting down and abandoning module TextureFormatAndroid (123)
[2018.02.02-00.33.39:419][352]LogModuleManager: Shutting down and abandoning module AudioFormatOpus (121)
[2018.02.02-00.33.39:419][352]LogModuleManager: Shutting down and abandoning module AudioFormatOgg (119)
[2018.02.02-00.33.39:419][352]LogModuleManager: Shutting down and abandoning module AudioFormatADPCM (117)
[2018.02.02-00.33.39:419][352]LogModuleManager: Shutting down and abandoning module LinuxTargetPlatform (115)
[2018.02.02-00.33.39:419][352]LogModuleManager: Shutting down and abandoning module LinuxServerTargetPlatform (113)
[2018.02.02-00.33.39:419][352]LogModuleManager: Shutting down and abandoning module LinuxNoEditorTargetPlatform (111)
[2018.02.02-00.33.39:419][352]LogModuleManager: Shutting down and abandoning module LinuxClientTargetPlatform (109)
[2018.02.02-00.33.39:419][352]LogModuleManager: Shutting down and abandoning module TVOSTargetPlatform (107)
[2018.02.02-00.33.39:419][352]LogModuleManager: Shutting down and abandoning module Messaging (105)
[2018.02.02-00.33.39:419][352]LogModuleManager: Shutting down and abandoning module IOSTargetPlatform (103)
[2018.02.02-00.33.39:420][352]LogModuleManager: Shutting down and abandoning module HTML5TargetPlatform (101)
[2018.02.02-00.33.39:420][352]LogModuleManager: Shutting down and abandoning module AndroidTargetPlatform (99)
[2018.02.02-00.33.39:420][352]LogModuleManager: Shutting down and abandoning module Android_PVRTCTargetPlatform (97)
[2018.02.02-00.33.39:420][352]LogModuleManager: Shutting down and abandoning module Android_MultiTargetPlatform (95)
[2018.02.02-00.33.39:420][352]LogModuleManager: Shutting down and abandoning module Android_ETC2TargetPlatform (93)
[2018.02.02-00.33.39:420][352]LogModuleManager: Shutting down and abandoning module Android_ETC1TargetPlatform (91)
[2018.02.02-00.33.39:420][352]LogModuleManager: Shutting down and abandoning module Android_DXTTargetPlatform (89)
[2018.02.02-00.33.39:420][352]LogModuleManager: Shutting down and abandoning module Android_ATCTargetPlatform (87)
[2018.02.02-00.33.39:420][352]LogModuleManager: Shutting down and abandoning module Android_ASTCTargetPlatform (85)
[2018.02.02-00.33.39:420][352]LogModuleManager: Shutting down and abandoning module WindowsTargetPlatform (83)
[2018.02.02-00.33.39:420][352]LogModuleManager: Shutting down and abandoning module WindowsServerTargetPlatform (81)
[2018.02.02-00.33.39:420][352]LogModuleManager: Shutting down and abandoning module WindowsNoEditorTargetPlatform (79)
[2018.02.02-00.33.39:420][352]LogModuleManager: Shutting down and abandoning module WindowsClientTargetPlatform (77)
[2018.02.02-00.33.39:420][352]LogModuleManager: Shutting down and abandoning module MacTargetPlatform (75)
[2018.02.02-00.33.39:420][352]LogModuleManager: Shutting down and abandoning module MacServerTargetPlatform (73)
[2018.02.02-00.33.39:420][352]LogModuleManager: Shutting down and abandoning module MacNoEditorTargetPlatform (71)
[2018.02.02-00.33.39:420][352]LogModuleManager: Shutting down and abandoning module MacClientTargetPlatform (69)
[2018.02.02-00.33.39:420][352]LogModuleManager: Shutting down and abandoning module AllDesktopTargetPlatform (67)
[2018.02.02-00.33.39:420][352]LogModuleManager: Shutting down and abandoning module InputCore (64)
[2018.02.02-00.33.39:420][352]LogModuleManager: Shutting down and abandoning module Settings (62)
[2018.02.02-00.33.39:420][352]LogModuleManager: Shutting down and abandoning module PhysXCooking (60)
[2018.02.02-00.33.39:420][352]LogModuleManager: Shutting down and abandoning module SteamVR (58)
[2018.02.02-00.33.39:420][352]LogModuleManager: Shutting down and abandoning module OculusHMD (56)
[2018.02.02-00.33.39:421][352]LogModuleManager: Shutting down and abandoning module ExampleDeviceProfileSelector (54)
[2018.02.02-00.33.39:421][352]LogModuleManager: Shutting down and abandoning module AppleARKit (52)
[2018.02.02-00.33.39:421][352]LogModuleManager: Shutting down and abandoning module AugmentedReality (51)
[2018.02.02-00.33.39:421][352]LogModuleManager: Shutting down and abandoning module OnlineBlueprintSupport (48)
[2018.02.02-00.33.39:421][352]LogModuleManager: Shutting down and abandoning module OnlineSubsystem (44)
[2018.02.02-00.33.39:421][352]LogModuleManager: Shutting down and abandoning module XMPP (43)
[2018.02.02-00.33.39:421][352]LogModuleManager: Shutting down and abandoning module HTTP (41)
[2018.02.02-00.33.39:421][352]LogHttp: Display: Http module shutting down, but needs to wait on 1 outstanding Http requests:
[2018.02.02-00.33.39:421][352]LogHttp: Display: 	verb=[POST] url=[https://datarouter.ol.epicgames.com/datarouter/api/v1/public/data?SessionID=%7BDE608ABE-4BF0-6010-8754-3FB2C7D2FEE7%7D&AppID=UEEditor.Rocket.Release&AppVersion=4.18.2-3794801%2B%2B%2BUE4%2BRelease-4.18&UserID=eea9e4d74dcaa8432204449e1191ce72%7C7a795d1e18894af49a79f64d6e238c08%7Cfbca8ba1-06ba-4eff-b266-034fed86ff82&AppEnvironment=datacollector-binary&UploadType=eteventstream] status=Processing
[2018.02.02-00.33.39:447][352]LogModuleManager: Shutting down and abandoning module SSL (40)
[2018.02.02-00.33.39:450][352]LogModuleManager: Shutting down and abandoning module AnimationModifiers (36)
[2018.02.02-00.33.39:451][352]LogModuleManager: Shutting down and abandoning module PropertyEditor (35)
[2018.02.02-00.33.39:451][352]LogModuleManager: Shutting down and abandoning module AudioEditor (32)
[2018.02.02-00.33.39:451][352]LogModuleManager: Shutting down and abandoning module TextureCompressor (30)
[2018.02.02-00.33.39:451][352]LogModuleManager: Shutting down and abandoning module ShaderCore (28)
[2018.02.02-00.33.39:451][352]LogModuleManager: Shutting down and abandoning module Landscape (26)
[2018.02.02-00.33.39:451][352]LogModuleManager: Shutting down and abandoning module SlateRHIRenderer (24)
[2018.02.02-00.33.39:453][352]LogModuleManager: Shutting down and abandoning module OpenGLDrv (22)
[2018.02.02-00.33.39:453][352]LogModuleManager: Shutting down and abandoning module D3D11RHI (20)
[2018.02.02-00.33.39:453][352]LogModuleManager: Shutting down and abandoning module AnimGraphRuntime (18)
[2018.02.02-00.33.39:453][352]LogModuleManager: Shutting down and abandoning module Renderer (16)
[2018.02.02-00.33.39:453][352]LogModuleManager: Shutting down and abandoning module Engine (14)
[2018.02.02-00.33.39:453][352]LogModuleManager: Shutting down and abandoning module CoreUObject (12)
[2018.02.02-00.33.39:453][352]LogModuleManager: Shutting down and abandoning module NetworkFile (10)
[2018.02.02-00.33.39:453][352]LogModuleManager: Shutting down and abandoning module CookedIterativeFile (8)
[2018.02.02-00.33.39:453][352]LogModuleManager: Shutting down and abandoning module StreamingFile (6)
[2018.02.02-00.33.39:453][352]LogModuleManager: Shutting down and abandoning module SandboxFile (4)
[2018.02.02-00.33.39:453][352]LogModuleManager: Shutting down and abandoning module PakFile (2)
[2018.02.02-00.33.39:460][352]LogExit: Exiting.
[2018.02.02-00.33.39:486][352]Log file closed, 02/01/18 17:33:39
